<?xml version="1.0" encoding="UTF-8"?>
<robot generator="Robot 7.0 (Python 3.8.2 on win32)" generated="2024-02-12T17:55:55.308405" rpa="false" schemaversion="5">
<suite id="s1" name="Google" source="C:\Users\imranuddinms\PycharmProjects\SaleTracker_Automation\Tests\NormalWay\Google.robot">
<test id="s1-t1" name="Verify add the New Status for the existing lead" line="7">
<kw name="Open Browser" owner="SeleniumLibrary">
<msg time="2024-02-12T17:55:56.294763" level="INFO">Opening browser 'chrome' to base url 'http://192.168.137.8:3355/home'.</msg>
<arg>http://192.168.137.8:3355/home</arg>
<arg>chrome</arg>
<doc>Opens a new browser instance to the optional ``url``.</doc>
<status status="PASS" start="2024-02-12T17:55:56.294763" elapsed="4.545240"/>
</kw>
<kw name="Maximize Browser Window" owner="SeleniumLibrary">
<doc>Maximizes current browser window.</doc>
<status status="PASS" start="2024-02-12T17:56:00.891669" elapsed="0.247266"/>
</kw>
<kw name="Input Text" owner="SeleniumLibrary">
<msg time="2024-02-12T17:56:01.161873" level="INFO">Typing text 'alwynj@datatemplate.com' into text field '//input[@name="userMail"]'.</msg>
<arg>//input[@name="userMail"]</arg>
<arg>alwynj@datatemplate.com</arg>
<doc>Types the given ``text`` into the text field identified by ``locator``.</doc>
<status status="PASS" start="2024-02-12T17:56:01.160876" elapsed="0.309174"/>
</kw>
<kw name="Input Text" owner="SeleniumLibrary">
<msg time="2024-02-12T17:56:01.471047" level="INFO">Typing text 'Def@123' into text field '//input[@name="password"]'.</msg>
<arg>//input[@name="password"]</arg>
<arg>Def@123</arg>
<doc>Types the given ``text`` into the text field identified by ``locator``.</doc>
<status status="PASS" start="2024-02-12T17:56:01.471047" elapsed="0.136750"/>
</kw>
<kw name="Press Keys" owner="SeleniumLibrary">
<msg time="2024-02-12T17:56:01.608678" level="INFO">Sending key(s) ('[Return]',) to //button[@type="submit"] element.</msg>
<msg time="2024-02-12T17:56:01.945339" level="INFO">Sending keys [Return]</msg>
<arg>//button[@type="submit"]</arg>
<arg>[Return]</arg>
<doc>Simulates the user pressing key(s) to an element or on the active browser.</doc>
<status status="PASS" start="2024-02-12T17:56:01.608678" elapsed="0.364587"/>
</kw>
<kw name="Sleep" owner="BuiltIn">
<msg time="2024-02-12T17:56:05.979568" level="INFO">Slept 4 seconds.</msg>
<arg>4s</arg>
<doc>Pauses the test executed for the given time.</doc>
<status status="PASS" start="2024-02-12T17:56:01.974265" elapsed="4.005303"/>
</kw>
<kw name="Press Keys" owner="SeleniumLibrary">
<msg time="2024-02-12T17:56:05.983596" level="INFO">Sending key(s) ('[Return]',) to //button[@type="submit"] element.</msg>
<msg time="2024-02-12T17:56:06.392187" level="INFO">Sending keys [Return]</msg>
<arg>//button[@type="submit"]</arg>
<arg>[Return]</arg>
<doc>Simulates the user pressing key(s) to an element or on the active browser.</doc>
<status status="PASS" start="2024-02-12T17:56:05.982566" elapsed="0.439542"/>
</kw>
<kw name="Sleep" owner="BuiltIn">
<msg time="2024-02-12T17:56:08.426894" level="INFO">Slept 2 seconds.</msg>
<arg>2s</arg>
<doc>Pauses the test executed for the given time.</doc>
<status status="PASS" start="2024-02-12T17:56:06.424103" elapsed="2.003502"/>
</kw>
<kw name="Press Keys" owner="SeleniumLibrary">
<msg time="2024-02-12T17:56:08.430595" level="INFO">Sending key(s) ('[Return]',) to (//button[@aria-label="expand row"])[2] element.</msg>
<msg time="2024-02-12T17:56:08.828677" level="INFO">Sending keys [Return]</msg>
<arg>(//button[@aria-label="expand row"])[2]</arg>
<arg>[Return]</arg>
<doc>Simulates the user pressing key(s) to an element or on the active browser.</doc>
<status status="PASS" start="2024-02-12T17:56:08.428599" elapsed="0.451909"/>
</kw>
<kw name="Sleep" owner="BuiltIn">
<msg time="2024-02-12T17:56:13.894219" level="INFO">Slept 5 seconds.</msg>
<arg>5s</arg>
<doc>Pauses the test executed for the given time.</doc>
<status status="PASS" start="2024-02-12T17:56:08.887491" elapsed="5.006728"/>
</kw>
<kw name="Set Variable" owner="BuiltIn">
<msg time="2024-02-12T17:56:13.896205" level="INFO">${Status_Date} = //td[text()="05-May-24"]</msg>
<var>${Status_Date}</var>
<arg>//td[text()="05-May-24"]</arg>
<doc>Returns the given values which can then be assigned to a variables.</doc>
<status status="PASS" start="2024-02-12T17:56:13.895208" elapsed="0.000997"/>
</kw>
<kw name="Set Variable" owner="BuiltIn">
<msg time="2024-02-12T17:56:13.897214" level="INFO">${Due_date} = //td[text()="05-May-24"]</msg>
<var>${Due_date}</var>
<arg>//td[text()="05-May-24"]</arg>
<doc>Returns the given values which can then be assigned to a variables.</doc>
<status status="PASS" start="2024-02-12T17:56:13.897214" elapsed="0.000000"/>
</kw>
<kw name="Should Be Equal" owner="BuiltIn">
<arg>${Status_Date}</arg>
<arg>${Due_date}</arg>
<doc>Fails if the given objects are unequal.</doc>
<status status="PASS" start="2024-02-12T17:56:13.898202" elapsed="0.000000"/>
</kw>
<kw name="Page Should Contain Element" owner="SeleniumLibrary">
<msg time="2024-02-12T17:56:14.131020" level="INFO" html="true">&lt;/td&gt;&lt;/tr&gt;&lt;tr&gt;&lt;td colspan="3"&gt;&lt;a href="selenium-screenshot-3.png"&gt;&lt;img src="selenium-screenshot-3.png" width="800px"&gt;&lt;/a&gt;</msg>
<msg time="2024-02-12T17:56:14.131020" level="FAIL">Page should have contained element '//td[text()="Alwyn Joseph"]' but did not.</msg>
<arg>//td[text()="Alwyn Joseph"]</arg>
<doc>Verifies that element ``locator`` is found on the current page.</doc>
<status status="FAIL" start="2024-02-12T17:56:13.899198" elapsed="0.250771">Page should have contained element '//td[text()="Alwyn Joseph"]' but did not.</status>
</kw>
<kw name="Sleep" owner="BuiltIn">
<arg>5s</arg>
<doc>Pauses the test executed for the given time.</doc>
<status status="NOT RUN" start="2024-02-12T17:56:14.150967" elapsed="0.000000"/>
</kw>
<kw name="Press Keys" owner="SeleniumLibrary">
<arg>//button[text()="Logout"]</arg>
<arg>[Return]</arg>
<doc>Simulates the user pressing key(s) to an element or on the active browser.</doc>
<status status="NOT RUN" start="2024-02-12T17:56:14.150967" elapsed="0.000000"/>
</kw>
<kw name="Close Browser" owner="SeleniumLibrary">
<doc>Closes the current browser.</doc>
<status status="NOT RUN" start="2024-02-12T17:56:14.151964" elapsed="0.000000"/>
</kw>
<doc>Verify that add a new status for existing lead</doc>
<tag>Functional</tag>
<status status="FAIL" start="2024-02-12T17:55:56.291771" elapsed="17.861190">Page should have contained element '//td[text()="Alwyn Joseph"]' but did not.</status>
</test>
<doc>LoginFunctionality</doc>
<status status="FAIL" start="2024-02-12T17:55:55.313393" elapsed="18.842560"/>
</suite>
<statistics>
<total>
<stat pass="0" fail="1" skip="0">All Tests</stat>
</total>
<tag>
<stat pass="0" fail="1" skip="0">Functional</stat>
</tag>
<suite>
<stat pass="0" fail="1" skip="0" id="s1" name="Google">Google</stat>
</suite>
</statistics>
<errors>
</errors>
</robot>
