<?xml version="1.0" encoding="UTF-8"?>
<robot generator="Robot 7.0 (Python 3.8.2 on win32)" generated="2024-02-05T14:39:07.698647" rpa="false" schemaversion="5">
<suite id="s1" name="Sales Tracker" source="C:\Users\imranuddinms\PycharmProjects\SaleTracker_Automation\Tests\src_test_main\Sales_Tracker.robot">
<test id="s1-t1" name="Sales Tracker Home Page" line="15">
<kw name="Start Script" owner="Pre_req" type="SETUP">
<kw name="Open Browser" owner="SeleniumLibrary">
<msg time="2024-02-05T14:39:07.979032" level="INFO">Opening browser 'chrome' to base url 'http://localhost:3000/home'.</msg>
<arg>${url}</arg>
<arg>${browser}</arg>
<doc>Opens a new browser instance to the optional ``url``.</doc>
<status status="PASS" start="2024-02-05T14:39:07.977038" elapsed="3.662072"/>
</kw>
<kw name="Maximize Browser Window" owner="SeleniumLibrary">
<doc>Maximizes current browser window.</doc>
<status status="PASS" start="2024-02-05T14:39:11.639110" elapsed="0.171501"/>
</kw>
<kw name="Login Page" owner="Login">
<kw name="Input Text" owner="SeleniumLibrary">
<msg time="2024-02-05T14:39:11.813604" level="INFO">Typing text 'alwynj@datatemplate.com' into text field '//input[@name="userMail"]'.</msg>
<arg>//input[@name="userMail"]</arg>
<arg>alwynj@datatemplate.com</arg>
<doc>Types the given ``text`` into the text field identified by ``locator``.</doc>
<status status="PASS" start="2024-02-05T14:39:11.812605" elapsed="0.321141"/>
</kw>
<kw name="Input Text" owner="SeleniumLibrary">
<msg time="2024-02-05T14:39:12.134743" level="INFO">Typing text 'Def@123' into text field '//input[@name="password"]'.</msg>
<arg>//input[@name="password"]</arg>
<arg>Def@123</arg>
<doc>Types the given ``text`` into the text field identified by ``locator``.</doc>
<status status="PASS" start="2024-02-05T14:39:12.133746" elapsed="0.136789"/>
</kw>
<kw name="Press Keys" owner="SeleniumLibrary">
<msg time="2024-02-05T14:39:12.271378" level="INFO">Sending key(s) ('[Return]',) to //button[@type="submit"] element.</msg>
<msg time="2024-02-05T14:39:12.630813" level="INFO">Sending keys [Return]</msg>
<arg>//button[@type="submit"]</arg>
<arg>[Return]</arg>
<doc>Simulates the user pressing key(s) to an element or on the active browser.</doc>
<status status="PASS" start="2024-02-05T14:39:12.270535" elapsed="0.390182"/>
</kw>
<kw name="Sleep" owner="BuiltIn">
<msg time="2024-02-05T14:39:16.666243" level="INFO">Slept 4 seconds.</msg>
<arg>4s</arg>
<doc>Pauses the test executed for the given time.</doc>
<status status="PASS" start="2024-02-05T14:39:12.661051" elapsed="4.005920"/>
</kw>
<status status="PASS" start="2024-02-05T14:39:11.811609" elapsed="4.855362"/>
</kw>
<kw name="Sleep" owner="BuiltIn">
<msg time="2024-02-05T14:39:20.683264" level="INFO">Slept 4 seconds.</msg>
<arg>4s</arg>
<doc>Pauses the test executed for the given time.</doc>
<status status="PASS" start="2024-02-05T14:39:16.668008" elapsed="4.016263"/>
</kw>
<status status="PASS" start="2024-02-05T14:39:07.976037" elapsed="12.708234"/>
</kw>
<kw name="Page Should Contain" owner="SeleniumLibrary">
<msg time="2024-02-05T14:39:20.733139" level="INFO">Current page contains text 'Alwyn Joseph'.</msg>
<arg>Alwyn Joseph</arg>
<doc>Verifies that current page contains ``text``.</doc>
<status status="PASS" start="2024-02-05T14:39:20.686306" elapsed="0.046833"/>
</kw>
<kw name="Log" owner="BuiltIn">
<msg time="2024-02-05T14:39:20.734137" level="INFO">Login to application Successfully with 'Super Admin' credential</msg>
<arg>Login to application Successfully with 'Super Admin' credential</arg>
<doc>Logs the given message with the given level.</doc>
<status status="PASS" start="2024-02-05T14:39:20.734137" elapsed="0.001026"/>
</kw>
<kw name="End Script" owner="Pre_req" type="TEARDOWN">
<kw name="LogOut page" owner="Login">
<kw name="Sleep" owner="BuiltIn">
<msg time="2024-02-05T14:39:22.750247" level="INFO">Slept 2 seconds.</msg>
<arg>2s</arg>
<doc>Pauses the test executed for the given time.</doc>
<status status="PASS" start="2024-02-05T14:39:20.737163" elapsed="2.014094"/>
</kw>
<kw name="Press Keys" owner="SeleniumLibrary">
<msg time="2024-02-05T14:39:22.753248" level="INFO">Sending key(s) ('[Return]',) to //button[text()="Logout"] element.</msg>
<msg time="2024-02-05T14:39:23.097834" level="INFO">Sending keys [Return]</msg>
<arg>//button[text()="Logout"]</arg>
<arg>[Return]</arg>
<doc>Simulates the user pressing key(s) to an element or on the active browser.</doc>
<status status="PASS" start="2024-02-05T14:39:22.752251" elapsed="0.372750"/>
</kw>
<status status="PASS" start="2024-02-05T14:39:20.736160" elapsed="2.388841"/>
</kw>
<kw name="Close Browser" owner="SeleniumLibrary">
<doc>Closes the current browser.</doc>
<status status="PASS" start="2024-02-05T14:39:23.125696" elapsed="2.320913"/>
</kw>
<status status="PASS" start="2024-02-05T14:39:20.736160" elapsed="4.711263"/>
</kw>
<doc>This Test case is to verify the Homepage Of Sales Tracker</doc>
<tag>Functional</tag>
<status status="PASS" start="2024-02-05T14:39:07.974908" elapsed="17.473491"/>
</test>
<test id="s1-t2" name="Verify the filter icon" line="23">
<kw name="Start Script" owner="Pre_req" type="SETUP">
<kw name="Open Browser" owner="SeleniumLibrary">
<msg time="2024-02-05T14:39:25.455400" level="INFO">Opening browser 'chrome' to base url 'http://localhost:3000/home'.</msg>
<arg>${url}</arg>
<arg>${browser}</arg>
<doc>Opens a new browser instance to the optional ``url``.</doc>
<status status="PASS" start="2024-02-05T14:39:25.454404" elapsed="3.610445"/>
</kw>
<kw name="Maximize Browser Window" owner="SeleniumLibrary">
<doc>Maximizes current browser window.</doc>
<status status="PASS" start="2024-02-05T14:39:29.064849" elapsed="0.128655"/>
</kw>
<kw name="Login Page" owner="Login">
<kw name="Input Text" owner="SeleniumLibrary">
<msg time="2024-02-05T14:39:29.195499" level="INFO">Typing text 'alwynj@datatemplate.com' into text field '//input[@name="userMail"]'.</msg>
<arg>//input[@name="userMail"]</arg>
<arg>alwynj@datatemplate.com</arg>
<doc>Types the given ``text`` into the text field identified by ``locator``.</doc>
<status status="PASS" start="2024-02-05T14:39:29.195499" elapsed="0.317153"/>
</kw>
<kw name="Input Text" owner="SeleniumLibrary">
<msg time="2024-02-05T14:39:29.513992" level="INFO">Typing text 'Def@123' into text field '//input[@name="password"]'.</msg>
<arg>//input[@name="password"]</arg>
<arg>Def@123</arg>
<doc>Types the given ``text`` into the text field identified by ``locator``.</doc>
<status status="PASS" start="2024-02-05T14:39:29.512652" elapsed="0.163562"/>
</kw>
<kw name="Press Keys" owner="SeleniumLibrary">
<msg time="2024-02-05T14:39:29.677211" level="INFO">Sending key(s) ('[Return]',) to //button[@type="submit"] element.</msg>
<msg time="2024-02-05T14:39:30.016728" level="INFO">Sending keys [Return]</msg>
<arg>//button[@type="submit"]</arg>
<arg>[Return]</arg>
<doc>Simulates the user pressing key(s) to an element or on the active browser.</doc>
<status status="PASS" start="2024-02-05T14:39:29.676214" elapsed="0.392788"/>
</kw>
<kw name="Sleep" owner="BuiltIn">
<msg time="2024-02-05T14:39:34.076201" level="INFO">Slept 4 seconds.</msg>
<arg>4s</arg>
<doc>Pauses the test executed for the given time.</doc>
<status status="PASS" start="2024-02-05T14:39:30.070394" elapsed="4.005807"/>
</kw>
<status status="PASS" start="2024-02-05T14:39:29.194502" elapsed="4.881699"/>
</kw>
<kw name="Sleep" owner="BuiltIn">
<msg time="2024-02-05T14:39:38.082198" level="INFO">Slept 4 seconds.</msg>
<arg>4s</arg>
<doc>Pauses the test executed for the given time.</doc>
<status status="PASS" start="2024-02-05T14:39:34.077200" elapsed="4.004998"/>
</kw>
<status status="PASS" start="2024-02-05T14:39:25.453363" elapsed="12.628835"/>
</kw>
<kw name="Page Should Contain Element" owner="SeleniumLibrary">
<msg time="2024-02-05T14:39:38.099155" level="INFO">Current page contains element '//button[@type="submit"]'.</msg>
<arg>//button[@type="submit"]</arg>
<doc>Verifies that element ``locator`` is found on the current page.</doc>
<status status="PASS" start="2024-02-05T14:39:38.083195" elapsed="0.015960"/>
</kw>
<kw name="Log" owner="BuiltIn">
<msg time="2024-02-05T14:39:38.101149" level="INFO">Filter icon is present in UI</msg>
<arg>Filter icon is present in UI</arg>
<doc>Logs the given message with the given level.</doc>
<status status="PASS" start="2024-02-05T14:39:38.100489" elapsed="0.000660"/>
</kw>
<kw name="End Script" owner="Pre_req" type="TEARDOWN">
<kw name="LogOut page" owner="Login">
<kw name="Sleep" owner="BuiltIn">
<msg time="2024-02-05T14:39:40.112380" level="INFO">Slept 2 seconds.</msg>
<arg>2s</arg>
<doc>Pauses the test executed for the given time.</doc>
<status status="PASS" start="2024-02-05T14:39:38.104140" elapsed="2.008240"/>
</kw>
<kw name="Press Keys" owner="SeleniumLibrary">
<msg time="2024-02-05T14:39:40.113374" level="INFO">Sending key(s) ('[Return]',) to //button[text()="Logout"] element.</msg>
<msg time="2024-02-05T14:39:40.419768" level="INFO">Sending keys [Return]</msg>
<arg>//button[text()="Logout"]</arg>
<arg>[Return]</arg>
<doc>Simulates the user pressing key(s) to an element or on the active browser.</doc>
<status status="PASS" start="2024-02-05T14:39:40.113374" elapsed="0.339306"/>
</kw>
<status status="PASS" start="2024-02-05T14:39:38.104140" elapsed="2.348540"/>
</kw>
<kw name="Close Browser" owner="SeleniumLibrary">
<doc>Closes the current browser.</doc>
<status status="PASS" start="2024-02-05T14:39:40.453677" elapsed="2.352287"/>
</kw>
<status status="PASS" start="2024-02-05T14:39:38.102148" elapsed="4.703816"/>
</kw>
<doc>This test case is to verify the filter is present in UI</doc>
<tag>Functional</tag>
<status status="PASS" start="2024-02-05T14:39:25.451413" elapsed="17.355989"/>
</test>
<test id="s1-t3" name="Verify filter button clickeble" line="30">
<kw name="Start Script" owner="Pre_req" type="SETUP">
<kw name="Open Browser" owner="SeleniumLibrary">
<msg time="2024-02-05T14:39:42.817151" level="INFO">Opening browser 'chrome' to base url 'http://localhost:3000/home'.</msg>
<arg>${url}</arg>
<arg>${browser}</arg>
<doc>Opens a new browser instance to the optional ``url``.</doc>
<status status="PASS" start="2024-02-05T14:39:42.816161" elapsed="3.711843"/>
</kw>
<kw name="Maximize Browser Window" owner="SeleniumLibrary">
<doc>Maximizes current browser window.</doc>
<status status="PASS" start="2024-02-05T14:39:46.529001" elapsed="0.161572"/>
</kw>
<kw name="Login Page" owner="Login">
<kw name="Input Text" owner="SeleniumLibrary">
<msg time="2024-02-05T14:39:46.693563" level="INFO">Typing text 'alwynj@datatemplate.com' into text field '//input[@name="userMail"]'.</msg>
<arg>//input[@name="userMail"]</arg>
<arg>alwynj@datatemplate.com</arg>
<doc>Types the given ``text`` into the text field identified by ``locator``.</doc>
<status status="PASS" start="2024-02-05T14:39:46.692563" elapsed="0.352059"/>
</kw>
<kw name="Input Text" owner="SeleniumLibrary">
<msg time="2024-02-05T14:39:47.044622" level="INFO">Typing text 'Def@123' into text field '//input[@name="password"]'.</msg>
<arg>//input[@name="password"]</arg>
<arg>Def@123</arg>
<doc>Types the given ``text`` into the text field identified by ``locator``.</doc>
<status status="PASS" start="2024-02-05T14:39:47.044622" elapsed="0.159573"/>
</kw>
<kw name="Press Keys" owner="SeleniumLibrary">
<msg time="2024-02-05T14:39:47.205192" level="INFO">Sending key(s) ('[Return]',) to //button[@type="submit"] element.</msg>
<msg time="2024-02-05T14:39:47.566607" level="INFO">Sending keys [Return]</msg>
<arg>//button[@type="submit"]</arg>
<arg>[Return]</arg>
<doc>Simulates the user pressing key(s) to an element or on the active browser.</doc>
<status status="PASS" start="2024-02-05T14:39:47.205192" elapsed="0.391548"/>
</kw>
<kw name="Sleep" owner="BuiltIn">
<msg time="2024-02-05T14:39:51.605796" level="INFO">Slept 4 seconds.</msg>
<arg>4s</arg>
<doc>Pauses the test executed for the given time.</doc>
<status status="PASS" start="2024-02-05T14:39:47.596740" elapsed="4.009056"/>
</kw>
<status status="PASS" start="2024-02-05T14:39:46.690573" elapsed="4.915223"/>
</kw>
<kw name="Sleep" owner="BuiltIn">
<msg time="2024-02-05T14:39:55.613608" level="INFO">Slept 4 seconds.</msg>
<arg>4s</arg>
<doc>Pauses the test executed for the given time.</doc>
<status status="PASS" start="2024-02-05T14:39:51.606694" elapsed="4.007471"/>
</kw>
<status status="PASS" start="2024-02-05T14:39:42.815148" elapsed="12.799017"/>
</kw>
<kw name="Press Keys" owner="SeleniumLibrary">
<msg time="2024-02-05T14:39:55.617157" level="INFO">Sending key(s) ('[Return]',) to //button[@type="submit"] element.</msg>
<msg time="2024-02-05T14:39:56.076375" level="INFO">Sending keys [Return]</msg>
<arg>//button[@type="submit"]</arg>
<arg>[Return]</arg>
<doc>Simulates the user pressing key(s) to an element or on the active browser.</doc>
<status status="PASS" start="2024-02-05T14:39:55.616205" elapsed="1.346801"/>
</kw>
<kw name="Log" owner="BuiltIn">
<msg time="2024-02-05T14:39:56.965996" level="INFO">User is able to click on the Submit button</msg>
<arg>User is able to click on the Submit button</arg>
<doc>Logs the given message with the given level.</doc>
<status status="PASS" start="2024-02-05T14:39:56.964999" elapsed="0.000997"/>
</kw>
<kw name="End Script" owner="Pre_req" type="TEARDOWN">
<kw name="LogOut page" owner="Login">
<kw name="Sleep" owner="BuiltIn">
<msg time="2024-02-05T14:39:58.979133" level="INFO">Slept 2 seconds.</msg>
<arg>2s</arg>
<doc>Pauses the test executed for the given time.</doc>
<status status="PASS" start="2024-02-05T14:39:56.970982" elapsed="2.008151"/>
</kw>
<kw name="Press Keys" owner="SeleniumLibrary">
<msg time="2024-02-05T14:39:58.981057" level="INFO">Sending key(s) ('[Return]',) to //button[text()="Logout"] element.</msg>
<msg time="2024-02-05T14:39:59.287531" level="INFO">Sending keys [Return]</msg>
<arg>//button[text()="Logout"]</arg>
<arg>[Return]</arg>
<doc>Simulates the user pressing key(s) to an element or on the active browser.</doc>
<status status="PASS" start="2024-02-05T14:39:58.980215" elapsed="0.345208"/>
</kw>
<status status="PASS" start="2024-02-05T14:39:56.970009" elapsed="2.355414"/>
</kw>
<kw name="Close Browser" owner="SeleniumLibrary">
<doc>Closes the current browser.</doc>
<status status="PASS" start="2024-02-05T14:39:59.325423" elapsed="2.379270"/>
</kw>
<status status="PASS" start="2024-02-05T14:39:56.968038" elapsed="4.736655"/>
</kw>
<doc>Verify that user able to click the filter option button</doc>
<tag>Functional</tag>
<status status="PASS" start="2024-02-05T14:39:42.812157" elapsed="18.894528"/>
</test>
<test id="s1-t4" name="Verify all filter pre-req are available in UI" line="38">
<kw name="Start Script" owner="Pre_req" type="SETUP">
<kw name="Open Browser" owner="SeleniumLibrary">
<msg time="2024-02-05T14:40:01.717065" level="INFO">Opening browser 'chrome' to base url 'http://localhost:3000/home'.</msg>
<arg>${url}</arg>
<arg>${browser}</arg>
<doc>Opens a new browser instance to the optional ``url``.</doc>
<status status="PASS" start="2024-02-05T14:40:01.716068" elapsed="3.609300"/>
</kw>
<kw name="Maximize Browser Window" owner="SeleniumLibrary">
<doc>Maximizes current browser window.</doc>
<status status="PASS" start="2024-02-05T14:40:05.326356" elapsed="0.161567"/>
</kw>
<kw name="Login Page" owner="Login">
<kw name="Input Text" owner="SeleniumLibrary">
<msg time="2024-02-05T14:40:05.489919" level="INFO">Typing text 'alwynj@datatemplate.com' into text field '//input[@name="userMail"]'.</msg>
<arg>//input[@name="userMail"]</arg>
<arg>alwynj@datatemplate.com</arg>
<doc>Types the given ``text`` into the text field identified by ``locator``.</doc>
<status status="PASS" start="2024-02-05T14:40:05.488920" elapsed="0.337100"/>
</kw>
<kw name="Input Text" owner="SeleniumLibrary">
<msg time="2024-02-05T14:40:05.826020" level="INFO">Typing text 'Def@123' into text field '//input[@name="password"]'.</msg>
<arg>//input[@name="password"]</arg>
<arg>Def@123</arg>
<doc>Types the given ``text`` into the text field identified by ``locator``.</doc>
<status status="PASS" start="2024-02-05T14:40:05.826020" elapsed="0.167552"/>
</kw>
<kw name="Press Keys" owner="SeleniumLibrary">
<msg time="2024-02-05T14:40:05.995616" level="INFO">Sending key(s) ('[Return]',) to //button[@type="submit"] element.</msg>
<msg time="2024-02-05T14:40:06.371907" level="INFO">Sending keys [Return]</msg>
<arg>//button[@type="submit"]</arg>
<arg>[Return]</arg>
<doc>Simulates the user pressing key(s) to an element or on the active browser.</doc>
<status status="PASS" start="2024-02-05T14:40:05.994569" elapsed="0.407260"/>
</kw>
<kw name="Sleep" owner="BuiltIn">
<msg time="2024-02-05T14:40:10.417717" level="INFO">Slept 4 seconds.</msg>
<arg>4s</arg>
<doc>Pauses the test executed for the given time.</doc>
<status status="PASS" start="2024-02-05T14:40:06.401829" elapsed="4.015888"/>
</kw>
<status status="PASS" start="2024-02-05T14:40:05.488920" elapsed="4.928797"/>
</kw>
<kw name="Sleep" owner="BuiltIn">
<msg time="2024-02-05T14:40:14.419966" level="INFO">Slept 4 seconds.</msg>
<arg>4s</arg>
<doc>Pauses the test executed for the given time.</doc>
<status status="PASS" start="2024-02-05T14:40:10.418712" elapsed="4.001254"/>
</kw>
<status status="PASS" start="2024-02-05T14:40:01.714066" elapsed="12.705900"/>
</kw>
<kw name="Page Should Contain Element" owner="SeleniumLibrary">
<msg time="2024-02-05T14:40:14.442906" level="INFO">Current page contains element '//label[text()="Organization:"]'.</msg>
<arg>//label[text()="Organization:"]</arg>
<doc>Verifies that element ``locator`` is found on the current page.</doc>
<status status="PASS" start="2024-02-05T14:40:14.421962" elapsed="0.021089"/>
</kw>
<kw name="Sleep" owner="BuiltIn">
<msg time="2024-02-05T14:40:16.446296" level="INFO">Slept 2 seconds.</msg>
<arg>2s</arg>
<doc>Pauses the test executed for the given time.</doc>
<status status="PASS" start="2024-02-05T14:40:14.443902" elapsed="2.002394"/>
</kw>
<kw name="Page Should Contain Element" owner="SeleniumLibrary">
<msg time="2024-02-05T14:40:16.467238" level="INFO">Current page contains element '//label[text()="Lead/POC:"]'.</msg>
<arg>//label[text()="Lead/POC:"]</arg>
<doc>Verifies that element ``locator`` is found on the current page.</doc>
<status status="PASS" start="2024-02-05T14:40:16.447295" elapsed="0.019943"/>
</kw>
<kw name="Sleep" owner="BuiltIn">
<msg time="2024-02-05T14:40:18.482562" level="INFO">Slept 2 seconds.</msg>
<arg>2s</arg>
<doc>Pauses the test executed for the given time.</doc>
<status status="PASS" start="2024-02-05T14:40:16.468237" elapsed="2.015322"/>
</kw>
<kw name="Page Should Contain Element" owner="SeleniumLibrary">
<msg time="2024-02-05T14:40:18.544390" level="INFO">Current page contains element '//label[text()="Action By:"]'.</msg>
<arg>//label[text()="Action By:"]</arg>
<doc>Verifies that element ``locator`` is found on the current page.</doc>
<status status="PASS" start="2024-02-05T14:40:18.492799" elapsed="0.051591"/>
</kw>
<kw name="Sleep" owner="BuiltIn">
<msg time="2024-02-05T14:40:20.556509" level="INFO">Slept 2 seconds.</msg>
<arg>2s</arg>
<doc>Pauses the test executed for the given time.</doc>
<status status="PASS" start="2024-02-05T14:40:18.545387" elapsed="2.011122"/>
</kw>
<kw name="Page Should Contain Element" owner="SeleniumLibrary">
<msg time="2024-02-05T14:40:20.577414" level="INFO">Current page contains element '//label[text()="Region:"]'.</msg>
<arg>//label[text()="Region:"]</arg>
<doc>Verifies that element ``locator`` is found on the current page.</doc>
<status status="PASS" start="2024-02-05T14:40:20.558361" elapsed="0.019053"/>
</kw>
<kw name="Sleep" owner="BuiltIn">
<msg time="2024-02-05T14:40:22.592517" level="INFO">Slept 2 seconds.</msg>
<arg>2s</arg>
<doc>Pauses the test executed for the given time.</doc>
<status status="PASS" start="2024-02-05T14:40:20.578411" elapsed="2.014106"/>
</kw>
<kw name="Page Should Contain Element" owner="SeleniumLibrary">
<msg time="2024-02-05T14:40:22.610827" level="INFO">Current page contains element '//label[text()="Status:"]'.</msg>
<arg>//label[text()="Status:"]</arg>
<doc>Verifies that element ``locator`` is found on the current page.</doc>
<status status="PASS" start="2024-02-05T14:40:22.593522" elapsed="0.017305"/>
</kw>
<kw name="Sleep" owner="BuiltIn">
<msg time="2024-02-05T14:40:24.617643" level="INFO">Slept 2 seconds.</msg>
<arg>2s</arg>
<doc>Pauses the test executed for the given time.</doc>
<status status="PASS" start="2024-02-05T14:40:22.611829" elapsed="2.005814"/>
</kw>
<kw name="Page Should Contain Element" owner="SeleniumLibrary">
<msg time="2024-02-05T14:40:24.657546" level="INFO">Current page contains element '//label[text()="MSA:"]'.</msg>
<arg>//label[text()="MSA:"]</arg>
<doc>Verifies that element ``locator`` is found on the current page.</doc>
<status status="PASS" start="2024-02-05T14:40:24.619655" elapsed="0.038890"/>
</kw>
<kw name="Sleep" owner="BuiltIn">
<msg time="2024-02-05T14:40:26.661883" level="INFO">Slept 2 seconds.</msg>
<arg>2</arg>
<doc>Pauses the test executed for the given time.</doc>
<status status="PASS" start="2024-02-05T14:40:24.659542" elapsed="2.003360"/>
</kw>
<kw name="Page Should Contain Element" owner="SeleniumLibrary">
<msg time="2024-02-05T14:40:26.693804" level="INFO">Current page contains element '//label[text()="SOW:"]'.</msg>
<arg>//label[text()="SOW:"]</arg>
<doc>Verifies that element ``locator`` is found on the current page.</doc>
<status status="PASS" start="2024-02-05T14:40:26.663885" elapsed="0.029919"/>
</kw>
<kw name="Sleep" owner="BuiltIn">
<msg time="2024-02-05T14:40:28.701322" level="INFO">Slept 2 seconds.</msg>
<arg>2s</arg>
<doc>Pauses the test executed for the given time.</doc>
<status status="PASS" start="2024-02-05T14:40:26.694802" elapsed="2.006520"/>
</kw>
<kw name="Page Should Contain Element" owner="SeleniumLibrary">
<msg time="2024-02-05T14:40:28.739911" level="INFO">Current page contains element '//label[text()="NDA:"]'.</msg>
<arg>//label[text()="NDA:"]</arg>
<doc>Verifies that element ``locator`` is found on the current page.</doc>
<status status="PASS" start="2024-02-05T14:40:28.703015" elapsed="0.036896"/>
</kw>
<kw name="Sleep" owner="BuiltIn">
<msg time="2024-02-05T14:40:30.753696" level="INFO">Slept 2 seconds.</msg>
<arg>2s</arg>
<doc>Pauses the test executed for the given time.</doc>
<status status="PASS" start="2024-02-05T14:40:28.740904" elapsed="2.013802"/>
</kw>
<kw name="End Script" owner="Pre_req" type="TEARDOWN">
<kw name="LogOut page" owner="Login">
<kw name="Sleep" owner="BuiltIn">
<msg time="2024-02-05T14:40:32.775146" level="INFO">Slept 2 seconds.</msg>
<arg>2s</arg>
<doc>Pauses the test executed for the given time.</doc>
<status status="PASS" start="2024-02-05T14:40:30.760727" elapsed="2.015242"/>
</kw>
<kw name="Press Keys" owner="SeleniumLibrary">
<msg time="2024-02-05T14:40:32.778955" level="INFO">Sending key(s) ('[Return]',) to //button[text()="Logout"] element.</msg>
<msg time="2024-02-05T14:40:33.101396" level="INFO">Sending keys [Return]</msg>
<arg>//button[text()="Logout"]</arg>
<arg>[Return]</arg>
<doc>Simulates the user pressing key(s) to an element or on the active browser.</doc>
<status status="PASS" start="2024-02-05T14:40:32.776960" elapsed="0.351364"/>
</kw>
<status status="PASS" start="2024-02-05T14:40:30.758732" elapsed="2.370591"/>
</kw>
<kw name="Close Browser" owner="SeleniumLibrary">
<doc>Closes the current browser.</doc>
<status status="PASS" start="2024-02-05T14:40:33.130319" elapsed="2.340999"/>
</kw>
<status status="PASS" start="2024-02-05T14:40:30.757735" elapsed="4.714445"/>
</kw>
<doc>Verify that user able to click the filter option button</doc>
<tag>Functional</tag>
<status status="PASS" start="2024-02-05T14:40:01.711076" elapsed="33.762498"/>
</test>
<test id="s1-t5" name="Verify the Status bar" line="59">
<kw name="Start Script" owner="Pre_req" type="SETUP">
<kw name="Open Browser" owner="SeleniumLibrary">
<msg time="2024-02-05T14:40:35.483454" level="INFO">Opening browser 'chrome' to base url 'http://localhost:3000/home'.</msg>
<arg>${url}</arg>
<arg>${browser}</arg>
<doc>Opens a new browser instance to the optional ``url``.</doc>
<status status="PASS" start="2024-02-05T14:40:35.482457" elapsed="3.565288"/>
</kw>
<kw name="Maximize Browser Window" owner="SeleniumLibrary">
<doc>Maximizes current browser window.</doc>
<status status="PASS" start="2024-02-05T14:40:39.048743" elapsed="0.156832"/>
</kw>
<kw name="Login Page" owner="Login">
<kw name="Input Text" owner="SeleniumLibrary">
<msg time="2024-02-05T14:40:39.208315" level="INFO">Typing text 'alwynj@datatemplate.com' into text field '//input[@name="userMail"]'.</msg>
<arg>//input[@name="userMail"]</arg>
<arg>alwynj@datatemplate.com</arg>
<doc>Types the given ``text`` into the text field identified by ``locator``.</doc>
<status status="PASS" start="2024-02-05T14:40:39.207647" elapsed="0.329786"/>
</kw>
<kw name="Input Text" owner="SeleniumLibrary">
<msg time="2024-02-05T14:40:39.538433" level="INFO">Typing text 'Def@123' into text field '//input[@name="password"]'.</msg>
<arg>//input[@name="password"]</arg>
<arg>Def@123</arg>
<doc>Types the given ``text`` into the text field identified by ``locator``.</doc>
<status status="PASS" start="2024-02-05T14:40:39.538433" elapsed="0.136635"/>
</kw>
<kw name="Press Keys" owner="SeleniumLibrary">
<msg time="2024-02-05T14:40:39.677062" level="INFO">Sending key(s) ('[Return]',) to //button[@type="submit"] element.</msg>
<msg time="2024-02-05T14:40:40.046166" level="INFO">Sending keys [Return]</msg>
<arg>//button[@type="submit"]</arg>
<arg>[Return]</arg>
<doc>Simulates the user pressing key(s) to an element or on the active browser.</doc>
<status status="PASS" start="2024-02-05T14:40:39.676064" elapsed="0.402016"/>
</kw>
<kw name="Sleep" owner="BuiltIn">
<msg time="2024-02-05T14:40:44.081267" level="INFO">Slept 4 seconds.</msg>
<arg>4s</arg>
<doc>Pauses the test executed for the given time.</doc>
<status status="PASS" start="2024-02-05T14:40:40.079078" elapsed="4.003208"/>
</kw>
<status status="PASS" start="2024-02-05T14:40:39.206320" elapsed="4.876999"/>
</kw>
<kw name="Sleep" owner="BuiltIn">
<msg time="2024-02-05T14:40:48.100305" level="INFO">Slept 4 seconds.</msg>
<arg>4s</arg>
<doc>Pauses the test executed for the given time.</doc>
<status status="PASS" start="2024-02-05T14:40:44.084309" elapsed="4.015996"/>
</kw>
<status status="PASS" start="2024-02-05T14:40:35.481461" elapsed="12.618844"/>
</kw>
<kw name="Press Keys" owner="SeleniumLibrary">
<msg time="2024-02-05T14:40:48.102299" level="INFO">Sending key(s) ('[Return]',) to //button[@type="submit"] element.</msg>
<msg time="2024-02-05T14:40:48.561544" level="INFO">Sending keys [Return]</msg>
<arg>//button[@type="submit"]</arg>
<arg>[Return]</arg>
<doc>Simulates the user pressing key(s) to an element or on the active browser.</doc>
<status status="PASS" start="2024-02-05T14:40:48.101302" elapsed="1.290091"/>
</kw>
<kw name="Sleep" owner="BuiltIn">
<msg time="2024-02-05T14:40:52.401429" level="INFO">Slept 3 seconds.</msg>
<arg>3s</arg>
<doc>Pauses the test executed for the given time.</doc>
<status status="PASS" start="2024-02-05T14:40:49.392323" elapsed="3.009106"/>
</kw>
<kw name="Press Keys" owner="SeleniumLibrary">
<msg time="2024-02-05T14:40:52.403652" level="INFO">Sending key(s) ('[Return]',) to //button[@aria-label="expand row"] element.</msg>
<msg time="2024-02-05T14:40:53.009127" level="INFO">Sending keys [Return]</msg>
<arg>//button[@aria-label="expand row"]</arg>
<arg>[Return]</arg>
<doc>Simulates the user pressing key(s) to an element or on the active browser.</doc>
<status status="PASS" start="2024-02-05T14:40:52.402425" elapsed="0.844362"/>
</kw>
<kw name="Page Should Contain Element" owner="SeleniumLibrary">
<msg time="2024-02-05T14:40:53.322964" level="INFO">Current page contains element '//button[text()='Add Status']'.</msg>
<arg>//button[text()='Add Status']</arg>
<doc>Verifies that element ``locator`` is found on the current page.</doc>
<status status="PASS" start="2024-02-05T14:40:53.256144" elapsed="0.066820"/>
</kw>
<kw name="Log" owner="BuiltIn">
<msg time="2024-02-05T14:40:53.323963" level="INFO">Add Status button is available in UI</msg>
<arg>Add Status button is available in UI</arg>
<doc>Logs the given message with the given level.</doc>
<status status="PASS" start="2024-02-05T14:40:53.323963" elapsed="0.000000"/>
</kw>
<kw name="End Script" owner="Pre_req" type="TEARDOWN">
<kw name="LogOut page" owner="Login">
<kw name="Sleep" owner="BuiltIn">
<msg time="2024-02-05T14:40:55.341968" level="INFO">Slept 2 seconds.</msg>
<arg>2s</arg>
<doc>Pauses the test executed for the given time.</doc>
<status status="PASS" start="2024-02-05T14:40:53.326954" elapsed="2.015014"/>
</kw>
<kw name="Press Keys" owner="SeleniumLibrary">
<msg time="2024-02-05T14:40:55.342898" level="INFO">Sending key(s) ('[Return]',) to //button[text()="Logout"] element.</msg>
<msg time="2024-02-05T14:40:55.646380" level="INFO">Sending keys [Return]</msg>
<arg>//button[text()="Logout"]</arg>
<arg>[Return]</arg>
<doc>Simulates the user pressing key(s) to an element or on the active browser.</doc>
<status status="PASS" start="2024-02-05T14:40:55.341968" elapsed="0.334334"/>
</kw>
<status status="PASS" start="2024-02-05T14:40:53.325956" elapsed="2.350346"/>
</kw>
<kw name="Close Browser" owner="SeleniumLibrary">
<doc>Closes the current browser.</doc>
<status status="PASS" start="2024-02-05T14:40:55.677329" elapsed="2.351023"/>
</kw>
<status status="PASS" start="2024-02-05T14:40:53.325956" elapsed="4.702396"/>
</kw>
<doc>Verify that Add ststus button is visible to the user</doc>
<tag>Functional</tag>
<status status="PASS" start="2024-02-05T14:40:35.478159" elapsed="22.551257"/>
</test>
<test id="s1-t6" name=" Verify edit the existing lead status" line="92">
<kw name="Start Script" owner="Pre_req" type="SETUP">
<kw name="Open Browser" owner="SeleniumLibrary">
<msg time="2024-02-05T14:40:58.042322" level="INFO">Opening browser 'chrome' to base url 'http://localhost:3000/home'.</msg>
<arg>${url}</arg>
<arg>${browser}</arg>
<doc>Opens a new browser instance to the optional ``url``.</doc>
<status status="PASS" start="2024-02-05T14:40:58.040328" elapsed="3.875036"/>
</kw>
<kw name="Maximize Browser Window" owner="SeleniumLibrary">
<doc>Maximizes current browser window.</doc>
<status status="PASS" start="2024-02-05T14:41:01.916362" elapsed="0.126661"/>
</kw>
<kw name="Login Page" owner="Login">
<kw name="Input Text" owner="SeleniumLibrary">
<msg time="2024-02-05T14:41:02.047019" level="INFO">Typing text 'alwynj@datatemplate.com' into text field '//input[@name="userMail"]'.</msg>
<arg>//input[@name="userMail"]</arg>
<arg>alwynj@datatemplate.com</arg>
<doc>Types the given ``text`` into the text field identified by ``locator``.</doc>
<status status="PASS" start="2024-02-05T14:41:02.046017" elapsed="0.336098"/>
</kw>
<kw name="Input Text" owner="SeleniumLibrary">
<msg time="2024-02-05T14:41:02.383113" level="INFO">Typing text 'Def@123' into text field '//input[@name="password"]'.</msg>
<arg>//input[@name="password"]</arg>
<arg>Def@123</arg>
<doc>Types the given ``text`` into the text field identified by ``locator``.</doc>
<status status="PASS" start="2024-02-05T14:41:02.382115" elapsed="0.146609"/>
</kw>
<kw name="Press Keys" owner="SeleniumLibrary">
<msg time="2024-02-05T14:41:02.529720" level="INFO">Sending key(s) ('[Return]',) to //button[@type="submit"] element.</msg>
<msg time="2024-02-05T14:41:02.890125" level="INFO">Sending keys [Return]</msg>
<arg>//button[@type="submit"]</arg>
<arg>[Return]</arg>
<doc>Simulates the user pressing key(s) to an element or on the active browser.</doc>
<status status="PASS" start="2024-02-05T14:41:02.528724" elapsed="0.395780"/>
</kw>
<kw name="Sleep" owner="BuiltIn">
<msg time="2024-02-05T14:41:06.928955" level="INFO">Slept 4 seconds.</msg>
<arg>4s</arg>
<doc>Pauses the test executed for the given time.</doc>
<status status="PASS" start="2024-02-05T14:41:02.924504" elapsed="4.004451"/>
</kw>
<status status="PASS" start="2024-02-05T14:41:02.044021" elapsed="4.885932"/>
</kw>
<kw name="Sleep" owner="BuiltIn">
<msg time="2024-02-05T14:41:10.938226" level="INFO">Slept 4 seconds.</msg>
<arg>4s</arg>
<doc>Pauses the test executed for the given time.</doc>
<status status="PASS" start="2024-02-05T14:41:06.929953" elapsed="4.008273"/>
</kw>
<status status="PASS" start="2024-02-05T14:40:58.038335" elapsed="12.899891"/>
</kw>
<kw name="Press Keys" owner="SeleniumLibrary">
<msg time="2024-02-05T14:41:10.940221" level="INFO">Sending key(s) ('[Return]',) to //button[@type="submit"] element.</msg>
<msg time="2024-02-05T14:41:11.479430" level="INFO">Sending keys [Return]</msg>
<arg>//button[@type="submit"]</arg>
<arg>[Return]</arg>
<doc>Simulates the user pressing key(s) to an element or on the active browser.</doc>
<status status="PASS" start="2024-02-05T14:41:10.939224" elapsed="1.569453"/>
</kw>
<kw name="Sleep" owner="BuiltIn">
<msg time="2024-02-05T14:41:14.519011" level="INFO">Slept 2 seconds.</msg>
<arg>2s</arg>
<doc>Pauses the test executed for the given time.</doc>
<status status="PASS" start="2024-02-05T14:41:12.510673" elapsed="2.009044"/>
</kw>
<kw name="Press Keys" owner="SeleniumLibrary">
<msg time="2024-02-05T14:41:14.525671" level="INFO">Sending key(s) ('[Return]',) to //button[@aria-label="expand row"] element.</msg>
<msg time="2024-02-05T14:41:15.080002" level="INFO">Sending keys [Return]</msg>
<arg>//button[@aria-label="expand row"]</arg>
<arg>[Return]</arg>
<doc>Simulates the user pressing key(s) to an element or on the active browser.</doc>
<status status="PASS" start="2024-02-05T14:41:14.522678" elapsed="0.677002"/>
</kw>
<kw name="Sleep" owner="BuiltIn">
<msg time="2024-02-05T14:41:20.209636" level="INFO">Slept 5 seconds.</msg>
<arg>5s</arg>
<doc>Pauses the test executed for the given time.</doc>
<status status="PASS" start="2024-02-05T14:41:15.200678" elapsed="5.009968"/>
</kw>
<kw name="Press Keys" owner="SeleniumLibrary">
<msg time="2024-02-05T14:41:20.213634" level="INFO">Sending key(s) ('[Return]',) to (//button[@type="button"])[12] element.</msg>
<msg time="2024-02-05T14:41:20.743406" level="INFO">Sending keys [Return]</msg>
<arg>(//button[@type="button"])[12]</arg>
<arg>[Return]</arg>
<doc>Simulates the user pressing key(s) to an element or on the active browser.</doc>
<status status="PASS" start="2024-02-05T14:41:20.211645" elapsed="0.564682"/>
</kw>
<kw name="Sleep" owner="BuiltIn">
<msg time="2024-02-05T14:41:23.782224" level="INFO">Slept 3 seconds.</msg>
<arg>3s</arg>
<doc>Pauses the test executed for the given time.</doc>
<status status="PASS" start="2024-02-05T14:41:20.778374" elapsed="3.004865"/>
</kw>
<kw name="Input Text" owner="SeleniumLibrary">
<msg time="2024-02-05T14:41:23.785266" level="INFO">Typing text '11022024' into text field '//input[@name="triggerDate"]'.</msg>
<arg>//input[@name="triggerDate"]</arg>
<arg>11022024</arg>
<doc>Types the given ``text`` into the text field identified by ``locator``.</doc>
<status status="PASS" start="2024-02-05T14:41:23.784233" elapsed="0.182563"/>
</kw>
<kw name="Sleep" owner="BuiltIn">
<msg time="2024-02-05T14:41:26.974429" level="INFO">Slept 3 seconds.</msg>
<arg>3s</arg>
<doc>Pauses the test executed for the given time.</doc>
<status status="PASS" start="2024-02-05T14:41:23.967793" elapsed="3.007645"/>
</kw>
<kw name="Press Keys" owner="SeleniumLibrary">
<msg time="2024-02-05T14:41:26.978469" level="INFO">Sending key(s) ('[Return]',) to //button[text()='submit'] element.</msg>
<msg time="2024-02-05T14:41:27.349327" level="INFO">Sending keys [Return]</msg>
<arg>//button[text()='submit']</arg>
<arg>[Return]</arg>
<doc>Simulates the user pressing key(s) to an element or on the active browser.</doc>
<status status="PASS" start="2024-02-05T14:41:26.977473" elapsed="0.409474"/>
</kw>
<kw name="Sleep" owner="BuiltIn">
<msg time="2024-02-05T14:41:32.392424" level="INFO">Slept 5 seconds.</msg>
<arg>5s</arg>
<doc>Pauses the test executed for the given time.</doc>
<status status="PASS" start="2024-02-05T14:41:27.387944" elapsed="5.005490"/>
</kw>
<kw name="Log" owner="BuiltIn">
<msg time="2024-02-05T14:41:32.395467" level="INFO">User isable to edit an existing leads</msg>
<arg>User isable to edit an existing leads</arg>
<doc>Logs the given message with the given level.</doc>
<status status="PASS" start="2024-02-05T14:41:32.395467" elapsed="0.000999"/>
</kw>
<kw name="End Script" owner="Pre_req" type="TEARDOWN">
<kw name="LogOut page" owner="Login">
<kw name="Sleep" owner="BuiltIn">
<msg time="2024-02-05T14:41:34.410014" level="INFO">Slept 2 seconds.</msg>
<arg>2s</arg>
<doc>Pauses the test executed for the given time.</doc>
<status status="PASS" start="2024-02-05T14:41:32.398446" elapsed="2.012579"/>
</kw>
<kw name="Press Keys" owner="SeleniumLibrary">
<msg time="2024-02-05T14:41:34.413016" level="INFO">Sending key(s) ('[Return]',) to //button[text()="Logout"] element.</msg>
<msg time="2024-02-05T14:41:34.736926" level="INFO">Sending keys [Return]</msg>
<arg>//button[text()="Logout"]</arg>
<arg>[Return]</arg>
<doc>Simulates the user pressing key(s) to an element or on the active browser.</doc>
<status status="PASS" start="2024-02-05T14:41:34.411025" elapsed="0.353827"/>
</kw>
<status status="PASS" start="2024-02-05T14:41:32.398446" elapsed="2.366406"/>
</kw>
<kw name="Close Browser" owner="SeleniumLibrary">
<doc>Closes the current browser.</doc>
<status status="PASS" start="2024-02-05T14:41:34.764852" elapsed="3.402232"/>
</kw>
<status status="PASS" start="2024-02-05T14:41:32.397450" elapsed="5.769634"/>
</kw>
<doc>Verify that add user can edit the existing status for a lead</doc>
<tag>Functional</tag>
<status status="PASS" start="2024-02-05T14:40:58.034300" elapsed="40.134733"/>
</test>
<test id="s1-t7" name="Verify deleting a status from Status grid" line="108">
<kw name="Start Script" owner="Pre_req" type="SETUP">
<kw name="Open Browser" owner="SeleniumLibrary">
<msg time="2024-02-05T14:41:38.178543" level="INFO">Opening browser 'chrome' to base url 'http://localhost:3000/home'.</msg>
<arg>${url}</arg>
<arg>${browser}</arg>
<doc>Opens a new browser instance to the optional ``url``.</doc>
<status status="PASS" start="2024-02-05T14:41:38.177545" elapsed="3.554776"/>
</kw>
<kw name="Maximize Browser Window" owner="SeleniumLibrary">
<doc>Maximizes current browser window.</doc>
<status status="PASS" start="2024-02-05T14:41:41.733267" elapsed="0.147678"/>
</kw>
<kw name="Login Page" owner="Login">
<kw name="Input Text" owner="SeleniumLibrary">
<msg time="2024-02-05T14:41:41.883864" level="INFO">Typing text 'alwynj@datatemplate.com' into text field '//input[@name="userMail"]'.</msg>
<arg>//input[@name="userMail"]</arg>
<arg>alwynj@datatemplate.com</arg>
<doc>Types the given ``text`` into the text field identified by ``locator``.</doc>
<status status="PASS" start="2024-02-05T14:41:41.882964" elapsed="0.306083"/>
</kw>
<kw name="Input Text" owner="SeleniumLibrary">
<msg time="2024-02-05T14:41:42.190046" level="INFO">Typing text 'Def@123' into text field '//input[@name="password"]'.</msg>
<arg>//input[@name="password"]</arg>
<arg>Def@123</arg>
<doc>Types the given ``text`` into the text field identified by ``locator``.</doc>
<status status="PASS" start="2024-02-05T14:41:42.190046" elapsed="0.155624"/>
</kw>
<kw name="Press Keys" owner="SeleniumLibrary">
<msg time="2024-02-05T14:41:42.346625" level="INFO">Sending key(s) ('[Return]',) to //button[@type="submit"] element.</msg>
<msg time="2024-02-05T14:41:42.741851" level="INFO">Sending keys [Return]</msg>
<arg>//button[@type="submit"]</arg>
<arg>[Return]</arg>
<doc>Simulates the user pressing key(s) to an element or on the active browser.</doc>
<status status="PASS" start="2024-02-05T14:41:42.345670" elapsed="0.421116"/>
</kw>
<kw name="Sleep" owner="BuiltIn">
<msg time="2024-02-05T14:41:46.768392" level="INFO">Slept 4 seconds.</msg>
<arg>4s</arg>
<doc>Pauses the test executed for the given time.</doc>
<status status="PASS" start="2024-02-05T14:41:42.766786" elapsed="4.002138"/>
</kw>
<status status="PASS" start="2024-02-05T14:41:41.881870" elapsed="4.887579"/>
</kw>
<kw name="Sleep" owner="BuiltIn">
<msg time="2024-02-05T14:41:50.780970" level="INFO">Slept 4 seconds.</msg>
<arg>4s</arg>
<doc>Pauses the test executed for the given time.</doc>
<status status="PASS" start="2024-02-05T14:41:46.769921" elapsed="4.011049"/>
</kw>
<status status="PASS" start="2024-02-05T14:41:38.176549" elapsed="12.605416"/>
</kw>
<kw name="Press Keys" owner="SeleniumLibrary">
<msg time="2024-02-05T14:41:50.782963" level="INFO">Sending key(s) ('[Return]',) to //button[@type="submit"] element.</msg>
<msg time="2024-02-05T14:41:51.325366" level="INFO">Sending keys [Return]</msg>
<arg>//button[@type="submit"]</arg>
<arg>[Return]</arg>
<doc>Simulates the user pressing key(s) to an element or on the active browser.</doc>
<status status="PASS" start="2024-02-05T14:41:50.781965" elapsed="1.273254"/>
</kw>
<kw name="Sleep" owner="BuiltIn">
<msg time="2024-02-05T14:41:54.066845" level="INFO">Slept 2 seconds.</msg>
<arg>2s</arg>
<doc>Pauses the test executed for the given time.</doc>
<status status="PASS" start="2024-02-05T14:41:52.057214" elapsed="2.010029"/>
</kw>
<kw name="Press Keys" owner="SeleniumLibrary">
<msg time="2024-02-05T14:41:54.067849" level="INFO">Sending key(s) ('[Return]',) to (//button[@aria-label="expand row"])[2] element.</msg>
<msg time="2024-02-05T14:41:54.636333" level="INFO">Sending keys [Return]</msg>
<arg>(//button[@aria-label="expand row"])[2]</arg>
<arg>[Return]</arg>
<doc>Simulates the user pressing key(s) to an element or on the active browser.</doc>
<status status="PASS" start="2024-02-05T14:41:54.067849" elapsed="0.810838"/>
</kw>
<kw name="Sleep" owner="BuiltIn">
<msg time="2024-02-05T14:41:59.902869" level="INFO">Slept 5 seconds.</msg>
<arg>5s</arg>
<doc>Pauses the test executed for the given time.</doc>
<status status="PASS" start="2024-02-05T14:41:54.886673" elapsed="5.017055"/>
</kw>
<kw name="Press Keys" owner="SeleniumLibrary">
<msg time="2024-02-05T14:41:59.907715" level="INFO">Sending key(s) ('[Return]',) to (//button[@type="button"])[16] element.</msg>
<msg time="2024-02-05T14:42:00.376488" level="INFO">Sending keys [Return]</msg>
<arg>(//button[@type="button"])[16]</arg>
<arg>[Return]</arg>
<doc>Simulates the user pressing key(s) to an element or on the active browser.</doc>
<status status="PASS" start="2024-02-05T14:41:59.905720" elapsed="1.226790"/>
</kw>
<kw name="Sleep" owner="BuiltIn">
<msg time="2024-02-05T14:42:03.139268" level="INFO">Slept 2 seconds.</msg>
<arg>2s</arg>
<doc>Pauses the test executed for the given time.</doc>
<status status="PASS" start="2024-02-05T14:42:01.133960" elapsed="2.006316"/>
</kw>
<kw name="Press Keys" owner="SeleniumLibrary">
<msg time="2024-02-05T14:42:03.144264" level="INFO">Sending key(s) ('[Return]',) to //button[text()="Yes"] element.</msg>
<msg time="2024-02-05T14:42:03.473884" level="INFO">Sending keys [Return]</msg>
<arg>//button[text()="Yes"]</arg>
<arg>[Return]</arg>
<doc>Simulates the user pressing key(s) to an element or on the active browser.</doc>
<status status="PASS" start="2024-02-05T14:42:03.142271" elapsed="0.364077"/>
</kw>
<kw name="End Script" owner="Pre_req" type="TEARDOWN">
<kw name="LogOut page" owner="Login">
<kw name="Sleep" owner="BuiltIn">
<msg time="2024-02-05T14:42:05.511371" level="INFO">Slept 2 seconds.</msg>
<arg>2s</arg>
<doc>Pauses the test executed for the given time.</doc>
<status status="PASS" start="2024-02-05T14:42:03.507776" elapsed="2.004609"/>
</kw>
<kw name="Press Keys" owner="SeleniumLibrary">
<msg time="2024-02-05T14:42:05.517366" level="INFO">Sending key(s) ('[Return]',) to //button[text()="Logout"] element.</msg>
<msg time="2024-02-05T14:42:05.847777" level="INFO">Sending keys [Return]</msg>
<arg>//button[text()="Logout"]</arg>
<arg>[Return]</arg>
<doc>Simulates the user pressing key(s) to an element or on the active browser.</doc>
<status status="PASS" start="2024-02-05T14:42:05.514372" elapsed="0.366316"/>
</kw>
<status status="PASS" start="2024-02-05T14:42:03.507776" elapsed="2.372912"/>
</kw>
<kw name="Close Browser" owner="SeleniumLibrary">
<doc>Closes the current browser.</doc>
<status status="PASS" start="2024-02-05T14:42:05.880688" elapsed="3.373901"/>
</kw>
<status status="PASS" start="2024-02-05T14:42:03.506788" elapsed="5.749432"/>
</kw>
<doc>Verify that user can delete a status from the status grid</doc>
<tag>Functional</tag>
<status status="PASS" start="2024-02-05T14:41:38.173064" elapsed="31.088142"/>
</test>
<test id="s1-t8" name="Verify to updated data is visible in UI" line="120">
<kw name="Start Script" owner="Pre_req" type="SETUP">
<kw name="Open Browser" owner="SeleniumLibrary">
<msg time="2024-02-05T14:42:09.272174" level="INFO">Opening browser 'chrome' to base url 'http://localhost:3000/home'.</msg>
<arg>${url}</arg>
<arg>${browser}</arg>
<doc>Opens a new browser instance to the optional ``url``.</doc>
<status status="PASS" start="2024-02-05T14:42:09.271177" elapsed="3.941960"/>
</kw>
<kw name="Maximize Browser Window" owner="SeleniumLibrary">
<doc>Maximizes current browser window.</doc>
<status status="PASS" start="2024-02-05T14:42:13.214135" elapsed="0.176530"/>
</kw>
<kw name="Login Page" owner="Login">
<kw name="Input Text" owner="SeleniumLibrary">
<msg time="2024-02-05T14:42:13.391659" level="INFO">Typing text 'alwynj@datatemplate.com' into text field '//input[@name="userMail"]'.</msg>
<arg>//input[@name="userMail"]</arg>
<arg>alwynj@datatemplate.com</arg>
<doc>Types the given ``text`` into the text field identified by ``locator``.</doc>
<status status="PASS" start="2024-02-05T14:42:13.391659" elapsed="0.350072"/>
</kw>
<kw name="Input Text" owner="SeleniumLibrary">
<msg time="2024-02-05T14:42:13.741731" level="INFO">Typing text 'Def@123' into text field '//input[@name="password"]'.</msg>
<arg>//input[@name="password"]</arg>
<arg>Def@123</arg>
<doc>Types the given ``text`` into the text field identified by ``locator``.</doc>
<status status="PASS" start="2024-02-05T14:42:13.741731" elapsed="0.171784"/>
</kw>
<kw name="Press Keys" owner="SeleniumLibrary">
<msg time="2024-02-05T14:42:13.915583" level="INFO">Sending key(s) ('[Return]',) to //button[@type="submit"] element.</msg>
<msg time="2024-02-05T14:42:14.274458" level="INFO">Sending keys [Return]</msg>
<arg>//button[@type="submit"]</arg>
<arg>[Return]</arg>
<doc>Simulates the user pressing key(s) to an element or on the active browser.</doc>
<status status="PASS" start="2024-02-05T14:42:13.914270" elapsed="0.395093"/>
</kw>
<kw name="Sleep" owner="BuiltIn">
<msg time="2024-02-05T14:42:18.339533" level="INFO">Slept 4 seconds.</msg>
<arg>4s</arg>
<doc>Pauses the test executed for the given time.</doc>
<status status="PASS" start="2024-02-05T14:42:14.310429" elapsed="4.029104"/>
</kw>
<status status="PASS" start="2024-02-05T14:42:13.391218" elapsed="4.948315"/>
</kw>
<kw name="Sleep" owner="BuiltIn">
<msg time="2024-02-05T14:42:22.356554" level="INFO">Slept 4 seconds.</msg>
<arg>4s</arg>
<doc>Pauses the test executed for the given time.</doc>
<status status="PASS" start="2024-02-05T14:42:18.342527" elapsed="4.015591"/>
</kw>
<status status="PASS" start="2024-02-05T14:42:09.270177" elapsed="13.090933"/>
</kw>
<kw name="Press Keys" owner="SeleniumLibrary">
<msg time="2024-02-05T14:42:22.370132" level="INFO">Sending key(s) ('[Return]',) to //button[@type="submit"] element.</msg>
<msg time="2024-02-05T14:42:23.062228" level="INFO">Sending keys [Return]</msg>
<arg>//button[@type="submit"]</arg>
<arg>[Return]</arg>
<doc>Simulates the user pressing key(s) to an element or on the active browser.</doc>
<status status="PASS" start="2024-02-05T14:42:22.367090" elapsed="1.982351"/>
</kw>
<kw name="Sleep" owner="BuiltIn">
<msg time="2024-02-05T14:42:26.367251" level="INFO">Slept 2 seconds.</msg>
<arg>2s</arg>
<doc>Pauses the test executed for the given time.</doc>
<status status="PASS" start="2024-02-05T14:42:24.351780" elapsed="2.016004"/>
</kw>
<kw name="Press Keys" owner="SeleniumLibrary">
<msg time="2024-02-05T14:42:26.369061" level="INFO">Sending key(s) ('[Return]',) to (//button[@aria-label="expand row"])[2] element.</msg>
<msg time="2024-02-05T14:42:27.000794" level="INFO">Sending keys [Return]</msg>
<arg>(//button[@aria-label="expand row"])[2]</arg>
<arg>[Return]</arg>
<doc>Simulates the user pressing key(s) to an element or on the active browser.</doc>
<status status="PASS" start="2024-02-05T14:42:26.368069" elapsed="0.939904"/>
</kw>
<kw name="Sleep" owner="BuiltIn">
<msg time="2024-02-05T14:42:32.313912" level="INFO">Slept 5 seconds.</msg>
<arg>5s</arg>
<doc>Pauses the test executed for the given time.</doc>
<status status="PASS" start="2024-02-05T14:42:27.310966" elapsed="5.002946"/>
</kw>
<kw name="Page Should Contain Element" owner="SeleniumLibrary">
<msg time="2024-02-05T14:42:32.364773" level="INFO">Current page contains element '//td[text()="Alwyn Joseph"]'.</msg>
<arg>//td[text()="Alwyn Joseph"]</arg>
<doc>Verifies that element ``locator`` is found on the current page.</doc>
<status status="PASS" start="2024-02-05T14:42:32.315905" elapsed="0.049864"/>
</kw>
<kw name="End Script" owner="Pre_req" type="TEARDOWN">
<kw name="LogOut page" owner="Login">
<kw name="Sleep" owner="BuiltIn">
<msg time="2024-02-05T14:42:34.373698" level="INFO">Slept 2 seconds.</msg>
<arg>2s</arg>
<doc>Pauses the test executed for the given time.</doc>
<status status="PASS" start="2024-02-05T14:42:32.370755" elapsed="2.003958"/>
</kw>
<kw name="Press Keys" owner="SeleniumLibrary">
<msg time="2024-02-05T14:42:34.376699" level="INFO">Sending key(s) ('[Return]',) to //button[text()="Logout"] element.</msg>
<msg time="2024-02-05T14:42:34.726089" level="INFO">Sending keys [Return]</msg>
<arg>//button[text()="Logout"]</arg>
<arg>[Return]</arg>
<doc>Simulates the user pressing key(s) to an element or on the active browser.</doc>
<status status="PASS" start="2024-02-05T14:42:34.375698" elapsed="0.381329"/>
</kw>
<status status="PASS" start="2024-02-05T14:42:32.369769" elapsed="2.388269"/>
</kw>
<kw name="Close Browser" owner="SeleniumLibrary">
<doc>Closes the current browser.</doc>
<status status="PASS" start="2024-02-05T14:42:34.758038" elapsed="2.302507"/>
</kw>
<status status="PASS" start="2024-02-05T14:42:32.367765" elapsed="4.692780"/>
</kw>
<doc>Verify that user is able to see the updated data in UI</doc>
<tag>Functional</tag>
<status status="PASS" start="2024-02-05T14:42:09.266193" elapsed="27.795343"/>
</test>
<test id="s1-t9" name="Verify Status date and Due date both are same" line="131">
<kw name="Start Script" owner="Pre_req" type="SETUP">
<kw name="Open Browser" owner="SeleniumLibrary">
<msg time="2024-02-05T14:42:37.071511" level="INFO">Opening browser 'chrome' to base url 'http://localhost:3000/home'.</msg>
<arg>${url}</arg>
<arg>${browser}</arg>
<doc>Opens a new browser instance to the optional ``url``.</doc>
<status status="PASS" start="2024-02-05T14:42:37.070514" elapsed="3.626182"/>
</kw>
<kw name="Maximize Browser Window" owner="SeleniumLibrary">
<doc>Maximizes current browser window.</doc>
<status status="PASS" start="2024-02-05T14:42:40.697695" elapsed="0.142621"/>
</kw>
<kw name="Login Page" owner="Login">
<kw name="Input Text" owner="SeleniumLibrary">
<msg time="2024-02-05T14:42:40.842307" level="INFO">Typing text 'alwynj@datatemplate.com' into text field '//input[@name="userMail"]'.</msg>
<arg>//input[@name="userMail"]</arg>
<arg>alwynj@datatemplate.com</arg>
<doc>Types the given ``text`` into the text field identified by ``locator``.</doc>
<status status="PASS" start="2024-02-05T14:42:40.841311" elapsed="0.329119"/>
</kw>
<kw name="Input Text" owner="SeleniumLibrary">
<msg time="2024-02-05T14:42:41.172429" level="INFO">Typing text 'Def@123' into text field '//input[@name="password"]'.</msg>
<arg>//input[@name="password"]</arg>
<arg>Def@123</arg>
<doc>Types the given ``text`` into the text field identified by ``locator``.</doc>
<status status="PASS" start="2024-02-05T14:42:41.171430" elapsed="0.140621"/>
</kw>
<kw name="Press Keys" owner="SeleniumLibrary">
<msg time="2024-02-05T14:42:41.313050" level="INFO">Sending key(s) ('[Return]',) to //button[@type="submit"] element.</msg>
<msg time="2024-02-05T14:42:41.695026" level="INFO">Sending keys [Return]</msg>
<arg>//button[@type="submit"]</arg>
<arg>[Return]</arg>
<doc>Simulates the user pressing key(s) to an element or on the active browser.</doc>
<status status="PASS" start="2024-02-05T14:42:41.313050" elapsed="0.449794"/>
</kw>
<kw name="Sleep" owner="BuiltIn">
<msg time="2024-02-05T14:42:45.776272" level="INFO">Slept 4 seconds.</msg>
<arg>4s</arg>
<doc>Pauses the test executed for the given time.</doc>
<status status="PASS" start="2024-02-05T14:42:41.762844" elapsed="4.013428"/>
</kw>
<status status="PASS" start="2024-02-05T14:42:40.840316" elapsed="4.935956"/>
</kw>
<kw name="Sleep" owner="BuiltIn">
<msg time="2024-02-05T14:42:49.788236" level="INFO">Slept 4 seconds.</msg>
<arg>4s</arg>
<doc>Pauses the test executed for the given time.</doc>
<status status="PASS" start="2024-02-05T14:42:45.777167" elapsed="4.011069"/>
</kw>
<status status="PASS" start="2024-02-05T14:42:37.068520" elapsed="12.720727"/>
</kw>
<kw name="Press Keys" owner="SeleniumLibrary">
<msg time="2024-02-05T14:42:49.792234" level="INFO">Sending key(s) ('[Return]',) to //button[@type="submit"] element.</msg>
<msg time="2024-02-05T14:42:50.270431" level="INFO">Sending keys [Return]</msg>
<arg>//button[@type="submit"]</arg>
<arg>[Return]</arg>
<doc>Simulates the user pressing key(s) to an element or on the active browser.</doc>
<status status="PASS" start="2024-02-05T14:42:49.790239" elapsed="1.081553"/>
</kw>
<kw name="Sleep" owner="BuiltIn">
<msg time="2024-02-05T14:42:52.895668" level="INFO">Slept 2 seconds.</msg>
<arg>2s</arg>
<doc>Pauses the test executed for the given time.</doc>
<status status="PASS" start="2024-02-05T14:42:50.881765" elapsed="2.013903"/>
</kw>
<kw name="Press Keys" owner="SeleniumLibrary">
<msg time="2024-02-05T14:42:52.897663" level="INFO">Sending key(s) ('[Return]',) to (//button[@aria-label="expand row"])[2] element.</msg>
<msg time="2024-02-05T14:42:53.367304" level="INFO">Sending keys [Return]</msg>
<arg>(//button[@aria-label="expand row"])[2]</arg>
<arg>[Return]</arg>
<doc>Simulates the user pressing key(s) to an element or on the active browser.</doc>
<status status="PASS" start="2024-02-05T14:42:52.896860" elapsed="0.675211"/>
</kw>
<kw name="Sleep" owner="BuiltIn">
<msg time="2024-02-05T14:42:58.589676" level="INFO">Slept 5 seconds.</msg>
<arg>5s</arg>
<doc>Pauses the test executed for the given time.</doc>
<status status="PASS" start="2024-02-05T14:42:53.576947" elapsed="5.013077"/>
</kw>
<kw name="Set Variable" owner="BuiltIn">
<msg time="2024-02-05T14:42:58.591021" level="INFO">${Status_Date} = //td[text()="05-May-24"]</msg>
<var>${Status_Date}</var>
<arg>//td[text()="05-May-24"]</arg>
<doc>Returns the given values which can then be assigned to a variables.</doc>
<status status="PASS" start="2024-02-05T14:42:58.591021" elapsed="0.000000"/>
</kw>
<kw name="Set Variable" owner="BuiltIn">
<msg time="2024-02-05T14:42:58.593140" level="INFO">${Due_date} = //td[text()="05-May-24"]</msg>
<var>${Due_date}</var>
<arg>//td[text()="05-May-24"]</arg>
<doc>Returns the given values which can then be assigned to a variables.</doc>
<status status="PASS" start="2024-02-05T14:42:58.592020" elapsed="0.001120"/>
</kw>
<kw name="Should Be Equal" owner="BuiltIn">
<arg>${Status_Date}</arg>
<arg>${Due_date}</arg>
<doc>Fails if the given objects are unequal.</doc>
<status status="PASS" start="2024-02-05T14:42:58.594014" elapsed="0.000996"/>
</kw>
<kw name="Page Should Contain Element" owner="SeleniumLibrary">
<msg time="2024-02-05T14:42:58.619946" level="INFO">Current page contains element '//td[text()="Alwyn Joseph"]'.</msg>
<arg>//td[text()="Alwyn Joseph"]</arg>
<doc>Verifies that element ``locator`` is found on the current page.</doc>
<status status="PASS" start="2024-02-05T14:42:58.596008" elapsed="0.023938"/>
</kw>
<kw name="End Script" owner="Pre_req" type="TEARDOWN">
<kw name="LogOut page" owner="Login">
<kw name="Sleep" owner="BuiltIn">
<msg time="2024-02-05T14:43:00.636343" level="INFO">Slept 2 seconds.</msg>
<arg>2s</arg>
<doc>Pauses the test executed for the given time.</doc>
<status status="PASS" start="2024-02-05T14:42:58.624930" elapsed="2.012424"/>
</kw>
<kw name="Press Keys" owner="SeleniumLibrary">
<msg time="2024-02-05T14:43:00.639389" level="INFO">Sending key(s) ('[Return]',) to //button[text()="Logout"] element.</msg>
<msg time="2024-02-05T14:43:00.985634" level="INFO">Sending keys [Return]</msg>
<arg>//button[text()="Logout"]</arg>
<arg>[Return]</arg>
<doc>Simulates the user pressing key(s) to an element or on the active browser.</doc>
<status status="PASS" start="2024-02-05T14:43:00.638389" elapsed="0.376165"/>
</kw>
<status status="PASS" start="2024-02-05T14:42:58.622937" elapsed="2.392615"/>
</kw>
<kw name="Close Browser" owner="SeleniumLibrary">
<doc>Closes the current browser.</doc>
<status status="PASS" start="2024-02-05T14:43:01.015552" elapsed="2.388797"/>
</kw>
<status status="PASS" start="2024-02-05T14:42:58.621940" elapsed="4.782409"/>
</kw>
<doc>Verify that the status date and Due date both are same</doc>
<tag>Functional</tag>
<status status="PASS" start="2024-02-05T14:42:37.065530" elapsed="26.339850"/>
</test>
<doc>Basic Functionality for Sale Tracker web UI</doc>
<status status="PASS" start="2024-02-05T14:39:07.701670" elapsed="235.708699"/>
</suite>
<statistics>
<total>
<stat pass="9" fail="0" skip="0">All Tests</stat>
</total>
<tag>
<stat pass="9" fail="0" skip="0">Functional</stat>
</tag>
<suite>
<stat pass="9" fail="0" skip="0" id="s1" name="Sales Tracker">Sales Tracker</stat>
</suite>
</statistics>
<errors>
</errors>
</robot>
