<?xml version="1.0" encoding="UTF-8"?>
<robot generator="Robot 7.0 (Python 3.8.2 on win32)" generated="2024-02-15T14:50:49.043668" rpa="false" schemaversion="5">
<suite id="s1" name="Sales Tracker" source="C:\Users\imranuddinms\PycharmProjects\SaleTracker_Automation\Tests\src_test_main\Sales_Tracker.robot">
<test id="s1-t1" name="Sales Tracker Home Page" line="15">
<kw name="Start Script" owner="Pre_req" type="SETUP">
<kw name="Open Browser" owner="SeleniumLibrary">
<msg time="2024-02-15T14:50:49.613562" level="INFO">Opening browser 'chrome' to base url 'http://192.168.137.8:3355/home'.</msg>
<arg>${url}</arg>
<arg>${browser}</arg>
<doc>Opens a new browser instance to the optional ``url``.</doc>
<status status="PASS" start="2024-02-15T14:50:49.612374" elapsed="3.799658"/>
</kw>
<kw name="Maximize Browser Window" owner="SeleniumLibrary">
<doc>Maximizes current browser window.</doc>
<status status="PASS" start="2024-02-15T14:50:53.413145" elapsed="0.152741"/>
</kw>
<kw name="Login Page" owner="Login">
<kw name="Input Text" owner="SeleniumLibrary">
<msg time="2024-02-15T14:50:53.568714" level="INFO">Typing text 'alwynj@datatemplate.com' into text field '//input[@name="userMail"]'.</msg>
<arg>//input[@name="userMail"]</arg>
<arg>alwynj@datatemplate.com</arg>
<doc>Types the given ``text`` into the text field identified by ``locator``.</doc>
<status status="PASS" start="2024-02-15T14:50:53.567616" elapsed="0.436835"/>
</kw>
<kw name="Input Text" owner="SeleniumLibrary">
<msg time="2024-02-15T14:50:54.005987" level="INFO">Typing text 'Def@123' into text field '//input[@name="password"]'.</msg>
<arg>//input[@name="password"]</arg>
<arg>Def@123</arg>
<doc>Types the given ``text`` into the text field identified by ``locator``.</doc>
<status status="PASS" start="2024-02-15T14:50:54.005448" elapsed="0.176526"/>
</kw>
<kw name="Press Keys" owner="SeleniumLibrary">
<msg time="2024-02-15T14:50:54.183968" level="INFO">Sending key(s) ('[Return]',) to //button[@type="submit"] element.</msg>
<msg time="2024-02-15T14:50:54.555202" level="INFO">Sending keys [Return]</msg>
<arg>//button[@type="submit"]</arg>
<arg>[Return]</arg>
<doc>Simulates the user pressing key(s) to an element or on the active browser.</doc>
<status status="PASS" start="2024-02-15T14:50:54.182973" elapsed="0.394170"/>
</kw>
<kw name="Sleep" owner="BuiltIn">
<msg time="2024-02-15T14:50:58.592165" level="INFO">Slept 4 seconds.</msg>
<arg>4s</arg>
<doc>Pauses the test executed for the given time.</doc>
<status status="PASS" start="2024-02-15T14:50:54.577143" elapsed="4.015022"/>
</kw>
<status status="PASS" start="2024-02-15T14:50:53.566620" elapsed="5.026563"/>
</kw>
<kw name="Sleep" owner="BuiltIn">
<msg time="2024-02-15T14:51:02.603005" level="INFO">Slept 4 seconds.</msg>
<arg>4s</arg>
<doc>Pauses the test executed for the given time.</doc>
<status status="PASS" start="2024-02-15T14:50:58.594174" elapsed="4.008831"/>
</kw>
<status status="PASS" start="2024-02-15T14:50:49.611376" elapsed="12.991629"/>
</kw>
<kw name="Page Should Contain" owner="SeleniumLibrary">
<msg time="2024-02-15T14:51:02.884417" level="INFO" html="true">&lt;/td&gt;&lt;/tr&gt;&lt;tr&gt;&lt;td colspan="3"&gt;&lt;a href="selenium-screenshot-6.png"&gt;&lt;img src="selenium-screenshot-6.png" width="800px"&gt;&lt;/a&gt;</msg>
<msg time="2024-02-15T14:51:02.884417" level="FAIL">Page should have contained text 'Alwyn Joseph' but did not.</msg>
<arg>Alwyn Joseph</arg>
<doc>Verifies that current page contains ``text``.</doc>
<status status="FAIL" start="2024-02-15T14:51:02.603979" elapsed="0.289414">Page should have contained text 'Alwyn Joseph' but did not.</status>
</kw>
<kw name="Log" owner="BuiltIn">
<arg>Login to application Successfully with 'Super Admin' credential</arg>
<doc>Logs the given message with the given level.</doc>
<status status="NOT RUN" start="2024-02-15T14:51:02.894518" elapsed="0.000870"/>
</kw>
<kw name="End Script" owner="Pre_req" type="TEARDOWN">
<kw name="LogOut page" owner="Login">
<kw name="Sleep" owner="BuiltIn">
<msg time="2024-02-15T14:51:04.904957" level="INFO">Slept 2 seconds.</msg>
<arg>2s</arg>
<doc>Pauses the test executed for the given time.</doc>
<status status="PASS" start="2024-02-15T14:51:02.899377" elapsed="2.005580"/>
</kw>
<kw name="Press Keys" owner="SeleniumLibrary">
<msg time="2024-02-15T14:51:04.905925" level="INFO">Sending key(s) ('[Return]',) to //button[text()="Logout"] element.</msg>
<msg time="2024-02-15T14:51:05.075649" level="INFO" html="true">&lt;/td&gt;&lt;/tr&gt;&lt;tr&gt;&lt;td colspan="3"&gt;&lt;a href="selenium-screenshot-7.png"&gt;&lt;img src="selenium-screenshot-7.png" width="800px"&gt;&lt;/a&gt;</msg>
<msg time="2024-02-15T14:51:05.076647" level="FAIL">Element with locator '//button[text()="Logout"]' not found.</msg>
<arg>//button[text()="Logout"]</arg>
<arg>[Return]</arg>
<doc>Simulates the user pressing key(s) to an element or on the active browser.</doc>
<status status="FAIL" start="2024-02-15T14:51:04.905925" elapsed="0.176708">Element with locator '//button[text()="Logout"]' not found.</status>
</kw>
<status status="FAIL" start="2024-02-15T14:51:02.898381" elapsed="2.185249">Element with locator '//button[text()="Logout"]' not found.</status>
</kw>
<kw name="Close Browser" owner="SeleniumLibrary">
<doc>Closes the current browser.</doc>
<status status="PASS" start="2024-02-15T14:51:05.083630" elapsed="2.303735"/>
</kw>
<status status="FAIL" start="2024-02-15T14:51:02.896385" elapsed="4.491968">Element with locator '//button[text()="Logout"]' not found.</status>
</kw>
<doc>This Test case is to verify the Homepage Of Sales Tracker</doc>
<tag>Functional</tag>
<status status="FAIL" start="2024-02-15T14:50:49.609354" elapsed="17.779962">Page should have contained text 'Alwyn Joseph' but did not.

Also teardown failed:
Element with locator '//button[text()="Logout"]' not found.</status>
</test>
<test id="s1-t2" name="Verify the filter icon" line="23">
<kw name="Start Script" owner="Pre_req" type="SETUP">
<kw name="Open Browser" owner="SeleniumLibrary">
<msg time="2024-02-15T14:51:07.408077" level="INFO">Opening browser 'chrome' to base url 'http://192.168.137.8:3355/home'.</msg>
<arg>${url}</arg>
<arg>${browser}</arg>
<doc>Opens a new browser instance to the optional ``url``.</doc>
<status status="PASS" start="2024-02-15T14:51:07.405786" elapsed="2.827631"/>
</kw>
<kw name="Maximize Browser Window" owner="SeleniumLibrary">
<doc>Maximizes current browser window.</doc>
<status status="PASS" start="2024-02-15T14:51:10.233417" elapsed="0.154595"/>
</kw>
<kw name="Login Page" owner="Login">
<kw name="Input Text" owner="SeleniumLibrary">
<msg time="2024-02-15T14:51:10.389998" level="INFO">Typing text 'alwynj@datatemplate.com' into text field '//input[@name="userMail"]'.</msg>
<arg>//input[@name="userMail"]</arg>
<arg>alwynj@datatemplate.com</arg>
<doc>Types the given ``text`` into the text field identified by ``locator``.</doc>
<status status="PASS" start="2024-02-15T14:51:10.389998" elapsed="0.290303"/>
</kw>
<kw name="Input Text" owner="SeleniumLibrary">
<msg time="2024-02-15T14:51:10.682212" level="INFO">Typing text 'Def@123' into text field '//input[@name="password"]'.</msg>
<arg>//input[@name="password"]</arg>
<arg>Def@123</arg>
<doc>Types the given ``text`` into the text field identified by ``locator``.</doc>
<status status="PASS" start="2024-02-15T14:51:10.681254" elapsed="0.117646"/>
</kw>
<kw name="Press Keys" owner="SeleniumLibrary">
<msg time="2024-02-15T14:51:10.799897" level="INFO">Sending key(s) ('[Return]',) to //button[@type="submit"] element.</msg>
<msg time="2024-02-15T14:51:11.151270" level="INFO">Sending keys [Return]</msg>
<arg>//button[@type="submit"]</arg>
<arg>[Return]</arg>
<doc>Simulates the user pressing key(s) to an element or on the active browser.</doc>
<status status="PASS" start="2024-02-15T14:51:10.798900" elapsed="0.379298"/>
</kw>
<kw name="Sleep" owner="BuiltIn">
<msg time="2024-02-15T14:51:15.185262" level="INFO">Slept 4 seconds.</msg>
<arg>4s</arg>
<doc>Pauses the test executed for the given time.</doc>
<status status="PASS" start="2024-02-15T14:51:11.179227" elapsed="4.006567"/>
</kw>
<status status="PASS" start="2024-02-15T14:51:10.388996" elapsed="4.797315"/>
</kw>
<kw name="Sleep" owner="BuiltIn">
<msg time="2024-02-15T14:51:19.191467" level="INFO">Slept 4 seconds.</msg>
<arg>4s</arg>
<doc>Pauses the test executed for the given time.</doc>
<status status="PASS" start="2024-02-15T14:51:15.187304" elapsed="4.005178"/>
</kw>
<status status="PASS" start="2024-02-15T14:51:07.401287" elapsed="11.791195"/>
</kw>
<kw name="Page Should Contain Element" owner="SeleniumLibrary">
<msg time="2024-02-15T14:51:19.234348" level="INFO">Current page contains element 'xpath=//button[@type='submit']'.</msg>
<arg>${search_submit_button}</arg>
<doc>Verifies that element ``locator`` is found on the current page.</doc>
<status status="PASS" start="2024-02-15T14:51:19.199443" elapsed="0.034905"/>
</kw>
<kw name="Log" owner="BuiltIn">
<msg time="2024-02-15T14:51:19.237397" level="INFO">Filter icon is present in UI</msg>
<arg>Filter icon is present in UI</arg>
<doc>Logs the given message with the given level.</doc>
<status status="PASS" start="2024-02-15T14:51:19.236418" elapsed="0.000979"/>
</kw>
<kw name="End Script" owner="Pre_req" type="TEARDOWN">
<kw name="LogOut page" owner="Login">
<kw name="Sleep" owner="BuiltIn">
<arg>2s</arg>
<doc>Pauses the test executed for the given time.</doc>
<status status="FAIL" start="2024-02-15T14:51:19.240331" elapsed="0.124667">Execution terminated by signal</status>
</kw>
<kw name="Press Keys" owner="SeleniumLibrary">
<arg>//button[text()="Logout"]</arg>
<arg>[Return]</arg>
<doc>Simulates the user pressing key(s) to an element or on the active browser.</doc>
<status status="NOT RUN" start="2024-02-15T14:51:19.365997" elapsed="0.000000"/>
</kw>
<status status="FAIL" start="2024-02-15T14:51:19.239334" elapsed="0.126663">Execution terminated by signal</status>
</kw>
<kw name="Close Browser" owner="SeleniumLibrary">
<doc>Closes the current browser.</doc>
<status status="NOT RUN" start="2024-02-15T14:51:19.366994" elapsed="0.000000"/>
</kw>
<status status="FAIL" start="2024-02-15T14:51:19.238430" elapsed="0.128564">Execution terminated by signal</status>
</kw>
<doc>This test case is to verify the filter is present in UI</doc>
<tag>Functional</tag>
<status status="FAIL" start="2024-02-15T14:51:07.396294" elapsed="11.972071">Teardown failed:
Execution terminated by signal</status>
</test>
<test id="s1-t3" name="Verify filter button clickeble" line="30">
<doc>Verify that user able to click the filter option button</doc>
<tag>Functional</tag>
<tag>robot:exit</tag>
<status status="FAIL" start="2024-02-15T14:51:19.371486" elapsed="0.001491">Test execution stopped due to a fatal error.</status>
</test>
<test id="s1-t4" name="Verify all filter pre-req are available in UI" line="38">
<doc>Verify that user able to click the filter option button</doc>
<tag>Functional</tag>
<tag>robot:exit</tag>
<status status="FAIL" start="2024-02-15T14:51:19.375970" elapsed="0.001994">Test execution stopped due to a fatal error.</status>
</test>
<test id="s1-t5" name="Verify the Status bar" line="60">
<doc>Verify that Add ststus button is visible to the user</doc>
<tag>Functional</tag>
<tag>robot:exit</tag>
<status status="FAIL" start="2024-02-15T14:51:19.382952" elapsed="0.002192">Test execution stopped due to a fatal error.</status>
</test>
<test id="s1-t6" name="Verify to updated data is visible in UI" line="126">
<doc>Verify that user is able to see the updated data in UI</doc>
<tag>Functional</tag>
<tag>robot:exit</tag>
<status status="FAIL" start="2024-02-15T14:51:19.404893" elapsed="0.002526">Test execution stopped due to a fatal error.</status>
</test>
<doc>Basic Functionality for Sale Tracker web UI</doc>
<status status="FAIL" start="2024-02-15T14:50:49.046844" elapsed="30.366027"/>
</suite>
<statistics>
<total>
<stat pass="0" fail="6" skip="0">All Tests</stat>
</total>
<tag>
<stat pass="0" fail="2" skip="0" info="combined" combined="NOT robot:exit">NOT robot:exit</stat>
<stat pass="0" fail="6" skip="0">Functional</stat>
</tag>
<suite>
<stat pass="0" fail="6" skip="0" id="s1" name="Sales Tracker">Sales Tracker</stat>
</suite>
</statistics>
<errors>
</errors>
</robot>
