<?xml version="1.0" encoding="UTF-8"?>
<robot generator="Robot 7.0 (Python 3.8.2 on win32)" generated="2024-02-15T17:53:25.513812" rpa="false" schemaversion="5">
<suite id="s1" name="Src Test Main" source="C:\Users\imranuddinms\PycharmProjects\SaleTracker_Automation\Tests\src_test_main">
<suite id="s1-s1" name="Sales Tracker" source="C:\Users\imranuddinms\PycharmProjects\SaleTracker_Automation\Tests\src_test_main\Sales_Tracker.robot">
<test id="s1-s1-t1" name="Sales Tracker Home Page" line="15">
<kw name="Start Script" owner="Pre_req" type="SETUP">
<kw name="Open Browser" owner="SeleniumLibrary">
<msg time="2024-02-15T17:53:26.048749" level="INFO">Opening browser 'chrome' to base url 'http://192.168.137.8:3355/home'.</msg>
<msg time="2024-02-15T17:53:52.470015" level="WARN">Error sending stats to Plausible: error sending request for url (https://plausible.io/api/event): operation timed out</msg>
<arg>${url}</arg>
<arg>${browser}</arg>
<doc>Opens a new browser instance to the optional ``url``.</doc>
<status status="PASS" start="2024-02-15T17:53:26.048377" elapsed="32.149676"/>
</kw>
<kw name="Maximize Browser Window" owner="SeleniumLibrary">
<doc>Maximizes current browser window.</doc>
<status status="PASS" start="2024-02-15T17:53:58.198912" elapsed="0.225260"/>
</kw>
<kw name="Login Page" owner="Login">
<kw name="Input Text" owner="SeleniumLibrary">
<msg time="2024-02-15T17:53:58.433126" level="INFO">Typing text 'alwynj@datatemplate.com' into text field '//input[@name="userMail"]'.</msg>
<arg>//input[@name="userMail"]</arg>
<arg>alwynj@datatemplate.com</arg>
<doc>Types the given ``text`` into the text field identified by ``locator``.</doc>
<status status="PASS" start="2024-02-15T17:53:58.431137" elapsed="0.531179"/>
</kw>
<kw name="Input Text" owner="SeleniumLibrary">
<msg time="2024-02-15T17:53:58.963697" level="INFO">Typing text 'Def@123' into text field '//input[@name="password"]'.</msg>
<arg>//input[@name="password"]</arg>
<arg>Def@123</arg>
<doc>Types the given ``text`` into the text field identified by ``locator``.</doc>
<status status="PASS" start="2024-02-15T17:53:58.962702" elapsed="0.280251"/>
</kw>
<kw name="Press Keys" owner="SeleniumLibrary">
<msg time="2024-02-15T17:53:59.244946" level="INFO">Sending key(s) ('[Return]',) to //button[@type="submit"] element.</msg>
<msg time="2024-02-15T17:53:59.623630" level="INFO">Sending keys [Return]</msg>
<arg>//button[@type="submit"]</arg>
<arg>[Return]</arg>
<doc>Simulates the user pressing key(s) to an element or on the active browser.</doc>
<status status="PASS" start="2024-02-15T17:53:59.242953" elapsed="0.427550"/>
</kw>
<kw name="Sleep" owner="BuiltIn">
<msg time="2024-02-15T17:54:03.677755" level="INFO">Slept 4 seconds.</msg>
<arg>4s</arg>
<doc>Pauses the test executed for the given time.</doc>
<status status="PASS" start="2024-02-15T17:53:59.671500" elapsed="4.006255"/>
</kw>
<status status="PASS" start="2024-02-15T17:53:58.427147" elapsed="5.251820"/>
</kw>
<kw name="Sleep" owner="BuiltIn">
<msg time="2024-02-15T17:54:07.692717" level="INFO">Slept 4 seconds.</msg>
<arg>4s</arg>
<doc>Pauses the test executed for the given time.</doc>
<status status="PASS" start="2024-02-15T17:54:03.679750" elapsed="4.012967"/>
</kw>
<status status="PASS" start="2024-02-15T17:53:26.046383" elapsed="41.647284"/>
</kw>
<kw name="Page Should Contain" owner="SeleniumLibrary">
<msg time="2024-02-15T17:54:08.157429" level="INFO" html="true">&lt;/td&gt;&lt;/tr&gt;&lt;tr&gt;&lt;td colspan="3"&gt;&lt;a href="selenium-screenshot-1.png"&gt;&lt;img src="selenium-screenshot-1.png" width="800px"&gt;&lt;/a&gt;</msg>
<msg time="2024-02-15T17:54:08.157429" level="FAIL">Page should have contained text 'Alwyn Joseph' but did not.</msg>
<arg>Alwyn Joseph</arg>
<doc>Verifies that current page contains ``text``.</doc>
<status status="FAIL" start="2024-02-15T17:54:07.693667" elapsed="0.467750">Page should have contained text 'Alwyn Joseph' but did not.</status>
</kw>
<kw name="Log" owner="BuiltIn">
<arg>Login to application Successfully with 'Super Admin' credential</arg>
<doc>Logs the given message with the given level.</doc>
<status status="NOT RUN" start="2024-02-15T17:54:08.162415" elapsed="0.000000"/>
</kw>
<kw name="End Script" owner="Pre_req" type="TEARDOWN">
<kw name="LogOut page" owner="Login">
<kw name="Sleep" owner="BuiltIn">
<msg time="2024-02-15T17:54:10.178086" level="INFO">Slept 2 seconds.</msg>
<arg>2s</arg>
<doc>Pauses the test executed for the given time.</doc>
<status status="PASS" start="2024-02-15T17:54:08.166678" elapsed="2.012131"/>
</kw>
<kw name="Press Keys" owner="SeleniumLibrary">
<msg time="2024-02-15T17:54:10.181799" level="INFO">Sending key(s) ('[Return]',) to //button[text()="Logout"] element.</msg>
<msg time="2024-02-15T17:54:10.652538" level="INFO" html="true">&lt;/td&gt;&lt;/tr&gt;&lt;tr&gt;&lt;td colspan="3"&gt;&lt;a href="selenium-screenshot-2.png"&gt;&lt;img src="selenium-screenshot-2.png" width="800px"&gt;&lt;/a&gt;</msg>
<msg time="2024-02-15T17:54:10.653540" level="FAIL">Element with locator '//button[text()="Logout"]' not found.</msg>
<arg>//button[text()="Logout"]</arg>
<arg>[Return]</arg>
<doc>Simulates the user pressing key(s) to an element or on the active browser.</doc>
<status status="FAIL" start="2024-02-15T17:54:10.180054" elapsed="0.476475">Element with locator '//button[text()="Logout"]' not found.</status>
</kw>
<status status="FAIL" start="2024-02-15T17:54:08.165407" elapsed="2.492122">Element with locator '//button[text()="Logout"]' not found.</status>
</kw>
<kw name="Close Browser" owner="SeleniumLibrary">
<doc>Closes the current browser.</doc>
<status status="PASS" start="2024-02-15T17:54:10.658523" elapsed="2.621558"/>
</kw>
<status status="FAIL" start="2024-02-15T17:54:08.163521" elapsed="5.117451">Element with locator '//button[text()="Logout"]' not found.</status>
</kw>
<doc>This Test case is to verify the Homepage Of Sales Tracker</doc>
<tag>Functional</tag>
<status status="FAIL" start="2024-02-15T17:53:26.045385" elapsed="47.235587">Page should have contained text 'Alwyn Joseph' but did not.

Also teardown failed:
Element with locator '//button[text()="Logout"]' not found.</status>
</test>
<test id="s1-s1-t2" name="Verify the filter icon" line="23">
<kw name="Start Script" owner="Pre_req" type="SETUP">
<kw name="Open Browser" owner="SeleniumLibrary">
<msg time="2024-02-15T17:54:13.284964" level="INFO">Opening browser 'chrome' to base url 'http://192.168.137.8:3355/home'.</msg>
<arg>${url}</arg>
<arg>${browser}</arg>
<doc>Opens a new browser instance to the optional ``url``.</doc>
<status status="PASS" start="2024-02-15T17:54:13.284964" elapsed="5.518083"/>
</kw>
<kw name="Maximize Browser Window" owner="SeleniumLibrary">
<doc>Maximizes current browser window.</doc>
<status status="PASS" start="2024-02-15T17:54:18.804043" elapsed="0.369162"/>
</kw>
<kw name="Login Page" owner="Login">
<kw name="Input Text" owner="SeleniumLibrary">
<msg time="2024-02-15T17:54:19.182680" level="INFO">Typing text 'alwynj@datatemplate.com' into text field '//input[@name="userMail"]'.</msg>
<arg>//input[@name="userMail"]</arg>
<arg>alwynj@datatemplate.com</arg>
<doc>Types the given ``text`` into the text field identified by ``locator``.</doc>
<status status="PASS" start="2024-02-15T17:54:19.179417" elapsed="0.374757"/>
</kw>
<kw name="Input Text" owner="SeleniumLibrary">
<msg time="2024-02-15T17:54:19.556300" level="INFO">Typing text 'Def@123' into text field '//input[@name="password"]'.</msg>
<arg>//input[@name="password"]</arg>
<arg>Def@123</arg>
<doc>Types the given ``text`` into the text field identified by ``locator``.</doc>
<status status="PASS" start="2024-02-15T17:54:19.555172" elapsed="0.189494"/>
</kw>
<kw name="Press Keys" owner="SeleniumLibrary">
<msg time="2024-02-15T17:54:19.746659" level="INFO">Sending key(s) ('[Return]',) to //button[@type="submit"] element.</msg>
<msg time="2024-02-15T17:54:20.163522" level="INFO">Sending keys [Return]</msg>
<arg>//button[@type="submit"]</arg>
<arg>[Return]</arg>
<doc>Simulates the user pressing key(s) to an element or on the active browser.